{"/Users/annurdien/dev/IDLIX-API/src/app.js": {"path":"/Users/annurdien/dev/IDLIX-API/src/app.js","statementMap":{"0":{"start":{"line":3,"column":21},"end":{"line":3,"column":39}},"1":{"start":{"line":4,"column":21},"end":{"line":4,"column":38}},"2":{"start":{"line":5,"column":21},"end":{"line":5,"column":36}},"3":{"start":{"line":6,"column":21},"end":{"line":6,"column":36}},"4":{"start":{"line":7,"column":21},"end":{"line":7,"column":40}},"5":{"start":{"line":8,"column":21},"end":{"line":8,"column":57}},"6":{"start":{"line":18,"column":14},"end":{"line":18,"column":23}},"7":{"start":{"line":21,"column":2},"end":{"line":21,"column":18}},"8":{"start":{"line":22,"column":2},"end":{"line":22,"column":20}},"9":{"start":{"line":23,"column":2},"end":{"line":23,"column":26}},"10":{"start":{"line":26,"column":2},"end":{"line":26,"column":26}},"11":{"start":{"line":29,"column":2},"end":{"line":29,"column":64}},"12":{"start":{"line":32,"column":2},"end":{"line":34,"column":5}},"13":{"start":{"line":33,"column":4},"end":{"line":33,"column":71}},"14":{"start":{"line":37,"column":2},"end":{"line":37,"column":24}},"15":{"start":{"line":39,"column":2},"end":{"line":39,"column":13}},"16":{"start":{"line":42,"column":0},"end":{"line":42,"column":27}}},"fnMap":{"0":{"name":"createApp","decl":{"start":{"line":17,"column":9},"end":{"line":17,"column":18}},"loc":{"start":{"line":17,"column":21},"end":{"line":40,"column":1}},"line":17},"1":{"name":"(anonymous_1)","decl":{"start":{"line":32,"column":10},"end":{"line":32,"column":11}},"loc":{"start":{"line":32,"column":24},"end":{"line":34,"column":3}},"line":32}},"branchMap":{},"s":{"0":3,"1":3,"2":3,"3":3,"4":3,"5":3,"6":3,"7":3,"8":3,"9":3,"10":3,"11":3,"12":3,"13":1,"14":3,"15":3,"16":3},"f":{"0":3,"1":1},"b":{},"_coverageSchema":"1a1c01bbd47fc00a2c39e90264f33305004495a9","hash":"68e8fe5675f1178c4f4a9eb09066c76762a08346"}
,"/Users/annurdien/dev/IDLIX-API/src/config/env.js": {"path":"/Users/annurdien/dev/IDLIX-API/src/config/env.js","statementMap":{"0":{"start":{"line":7,"column":0},"end":{"line":26,"column":2}}},"fnMap":{},"branchMap":{"0":{"loc":{"start":{"line":9,"column":12},"end":{"line":9,"column":66}},"type":"binary-expr","locations":[{"start":{"line":9,"column":12},"end":{"line":9,"column":38}},{"start":{"line":9,"column":42},"end":{"line":9,"column":66}}],"line":9},"1":{"loc":{"start":{"line":12,"column":8},"end":{"line":12,"column":32}},"type":"binary-expr","locations":[{"start":{"line":12,"column":8},"end":{"line":12,"column":24}},{"start":{"line":12,"column":28},"end":{"line":12,"column":32}}],"line":12},"2":{"loc":{"start":{"line":19,"column":15},"end":{"line":19,"column":59}},"type":"binary-expr","locations":[{"start":{"line":19,"column":15},"end":{"line":19,"column":49}},{"start":{"line":19,"column":58},"end":{"line":19,"column":59}}],"line":19},"3":{"loc":{"start":{"line":20,"column":15},"end":{"line":20,"column":59}},"type":"binary-expr","locations":[{"start":{"line":20,"column":15},"end":{"line":20,"column":53}},{"start":{"line":20,"column":58},"end":{"line":20,"column":59}}],"line":20},"4":{"loc":{"start":{"line":21,"column":15},"end":{"line":21,"column":59}},"type":"binary-expr","locations":[{"start":{"line":21,"column":15},"end":{"line":21,"column":54}},{"start":{"line":21,"column":58},"end":{"line":21,"column":59}}],"line":21},"5":{"loc":{"start":{"line":22,"column":15},"end":{"line":22,"column":59}},"type":"binary-expr","locations":[{"start":{"line":22,"column":15},"end":{"line":22,"column":53}},{"start":{"line":22,"column":58},"end":{"line":22,"column":59}}],"line":22},"6":{"loc":{"start":{"line":23,"column":15},"end":{"line":23,"column":59}},"type":"binary-expr","locations":[{"start":{"line":23,"column":15},"end":{"line":23,"column":51}},{"start":{"line":23,"column":58},"end":{"line":23,"column":59}}],"line":23},"7":{"loc":{"start":{"line":24,"column":15},"end":{"line":24,"column":59}},"type":"binary-expr","locations":[{"start":{"line":24,"column":15},"end":{"line":24,"column":48}},{"start":{"line":24,"column":58},"end":{"line":24,"column":59}}],"line":24}},"s":{"0":4},"f":{},"b":{"0":[4,4],"1":[4,4],"2":[4,4],"3":[4,4],"4":[4,4],"5":[4,4],"6":[4,4],"7":[4,4]},"_coverageSchema":"1a1c01bbd47fc00a2c39e90264f33305004495a9","hash":"938f9c46a7efee999058a4e6b42d1be98b4b7926"}
,"/Users/annurdien/dev/IDLIX-API/src/controllers/genre.controller.js": {"path":"/Users/annurdien/dev/IDLIX-API/src/controllers/genre.controller.js","statementMap":{"0":{"start":{"line":3,"column":21},"end":{"line":3,"column":57}},"1":{"start":{"line":5,"column":0},"end":{"line":13,"column":2}},"2":{"start":{"line":6,"column":2},"end":{"line":12,"column":3}},"3":{"start":{"line":7,"column":32},"end":{"line":7,"column":42}},"4":{"start":{"line":8,"column":17},"end":{"line":8,"column":63}},"5":{"start":{"line":9,"column":4},"end":{"line":9,"column":19}},"6":{"start":{"line":11,"column":4},"end":{"line":11,"column":14}},"7":{"start":{"line":15,"column":0},"end":{"line":23,"column":2}},"8":{"start":{"line":16,"column":2},"end":{"line":22,"column":3}},"9":{"start":{"line":17,"column":32},"end":{"line":17,"column":42}},"10":{"start":{"line":18,"column":17},"end":{"line":18,"column":62}},"11":{"start":{"line":19,"column":4},"end":{"line":19,"column":19}},"12":{"start":{"line":21,"column":4},"end":{"line":21,"column":14}}},"fnMap":{"0":{"name":"(anonymous_0)","decl":{"start":{"line":5,"column":22},"end":{"line":5,"column":23}},"loc":{"start":{"line":5,"column":48},"end":{"line":13,"column":1}},"line":5},"1":{"name":"(anonymous_1)","decl":{"start":{"line":15,"column":21},"end":{"line":15,"column":22}},"loc":{"start":{"line":15,"column":47},"end":{"line":23,"column":1}},"line":15}},"branchMap":{"0":{"loc":{"start":{"line":7,"column":19},"end":{"line":7,"column":27}},"type":"default-arg","locations":[{"start":{"line":7,"column":26},"end":{"line":7,"column":27}}],"line":7},"1":{"loc":{"start":{"line":17,"column":19},"end":{"line":17,"column":27}},"type":"default-arg","locations":[{"start":{"line":17,"column":26},"end":{"line":17,"column":27}}],"line":17}},"s":{"0":3,"1":3,"2":4,"3":4,"4":4,"5":3,"6":1,"7":3,"8":4,"9":4,"10":4,"11":3,"12":1},"f":{"0":4,"1":4},"b":{"0":[3],"1":[3]},"_coverageSchema":"1a1c01bbd47fc00a2c39e90264f33305004495a9","hash":"97d8f642d44313413b8e8f6bf8d02dbc25b3e890"}
,"/Users/annurdien/dev/IDLIX-API/src/controllers/homepage.controller.js": {"path":"/Users/annurdien/dev/IDLIX-API/src/controllers/homepage.controller.js","statementMap":{"0":{"start":{"line":3,"column":24},"end":{"line":3,"column":63}},"1":{"start":{"line":5,"column":0},"end":{"line":7,"column":2}},"2":{"start":{"line":6,"column":2},"end":{"line":6,"column":76}},"3":{"start":{"line":9,"column":0},"end":{"line":16,"column":2}},"4":{"start":{"line":10,"column":2},"end":{"line":15,"column":3}},"5":{"start":{"line":11,"column":17},"end":{"line":11,"column":52}},"6":{"start":{"line":12,"column":4},"end":{"line":12,"column":19}},"7":{"start":{"line":14,"column":4},"end":{"line":14,"column":14}},"8":{"start":{"line":18,"column":0},"end":{"line":25,"column":2}},"9":{"start":{"line":19,"column":2},"end":{"line":24,"column":3}},"10":{"start":{"line":20,"column":17},"end":{"line":20,"column":53}},"11":{"start":{"line":21,"column":4},"end":{"line":21,"column":19}},"12":{"start":{"line":23,"column":4},"end":{"line":23,"column":14}}},"fnMap":{"0":{"name":"(anonymous_0)","decl":{"start":{"line":5,"column":17},"end":{"line":5,"column":18}},"loc":{"start":{"line":5,"column":31},"end":{"line":7,"column":1}},"line":5},"1":{"name":"(anonymous_1)","decl":{"start":{"line":9,"column":19},"end":{"line":9,"column":20}},"loc":{"start":{"line":9,"column":45},"end":{"line":16,"column":1}},"line":9},"2":{"name":"(anonymous_2)","decl":{"start":{"line":18,"column":20},"end":{"line":18,"column":21}},"loc":{"start":{"line":18,"column":46},"end":{"line":25,"column":1}},"line":18}},"branchMap":{},"s":{"0":3,"1":3,"2":0,"3":3,"4":0,"5":0,"6":0,"7":0,"8":3,"9":0,"10":0,"11":0,"12":0},"f":{"0":0,"1":0,"2":0},"b":{},"_coverageSchema":"1a1c01bbd47fc00a2c39e90264f33305004495a9","hash":"cedef09fe297bb8e4478f10c85e56680d8f2a3a2"}
,"/Users/annurdien/dev/IDLIX-API/src/controllers/movie.controller.js": {"path":"/Users/annurdien/dev/IDLIX-API/src/controllers/movie.controller.js","statementMap":{"0":{"start":{"line":3,"column":21},"end":{"line":3,"column":57}},"1":{"start":{"line":5,"column":0},"end":{"line":12,"column":2}},"2":{"start":{"line":6,"column":2},"end":{"line":11,"column":3}},"3":{"start":{"line":7,"column":17},"end":{"line":7,"column":44}},"4":{"start":{"line":8,"column":4},"end":{"line":8,"column":19}},"5":{"start":{"line":10,"column":4},"end":{"line":10,"column":14}},"6":{"start":{"line":14,"column":0},"end":{"line":21,"column":2}},"7":{"start":{"line":15,"column":2},"end":{"line":20,"column":3}},"8":{"start":{"line":16,"column":17},"end":{"line":16,"column":49}},"9":{"start":{"line":17,"column":4},"end":{"line":17,"column":19}},"10":{"start":{"line":19,"column":4},"end":{"line":19,"column":14}},"11":{"start":{"line":23,"column":0},"end":{"line":30,"column":2}},"12":{"start":{"line":24,"column":2},"end":{"line":29,"column":3}},"13":{"start":{"line":25,"column":17},"end":{"line":25,"column":68}},"14":{"start":{"line":26,"column":4},"end":{"line":26,"column":19}},"15":{"start":{"line":28,"column":4},"end":{"line":28,"column":14}}},"fnMap":{"0":{"name":"(anonymous_0)","decl":{"start":{"line":5,"column":14},"end":{"line":5,"column":15}},"loc":{"start":{"line":5,"column":40},"end":{"line":12,"column":1}},"line":5},"1":{"name":"(anonymous_1)","decl":{"start":{"line":14,"column":19},"end":{"line":14,"column":20}},"loc":{"start":{"line":14,"column":45},"end":{"line":21,"column":1}},"line":14},"2":{"name":"(anonymous_2)","decl":{"start":{"line":23,"column":23},"end":{"line":23,"column":24}},"loc":{"start":{"line":23,"column":49},"end":{"line":30,"column":1}},"line":23}},"branchMap":{},"s":{"0":3,"1":3,"2":2,"3":2,"4":1,"5":1,"6":3,"7":4,"8":4,"9":3,"10":1,"11":3,"12":3,"13":3,"14":1,"15":2},"f":{"0":2,"1":4,"2":3},"b":{},"_coverageSchema":"1a1c01bbd47fc00a2c39e90264f33305004495a9","hash":"cc3f534fd1b8b9dd722abd5b7e1089d82f0710ae"}
,"/Users/annurdien/dev/IDLIX-API/src/controllers/series.controller.js": {"path":"/Users/annurdien/dev/IDLIX-API/src/controllers/series.controller.js","statementMap":{"0":{"start":{"line":3,"column":22},"end":{"line":3,"column":59}},"1":{"start":{"line":5,"column":0},"end":{"line":12,"column":2}},"2":{"start":{"line":6,"column":2},"end":{"line":11,"column":3}},"3":{"start":{"line":7,"column":17},"end":{"line":7,"column":50}},"4":{"start":{"line":8,"column":4},"end":{"line":8,"column":19}},"5":{"start":{"line":10,"column":4},"end":{"line":10,"column":14}},"6":{"start":{"line":14,"column":0},"end":{"line":21,"column":2}},"7":{"start":{"line":15,"column":2},"end":{"line":20,"column":3}},"8":{"start":{"line":16,"column":17},"end":{"line":16,"column":54}},"9":{"start":{"line":17,"column":4},"end":{"line":17,"column":19}},"10":{"start":{"line":19,"column":4},"end":{"line":19,"column":14}},"11":{"start":{"line":23,"column":0},"end":{"line":30,"column":2}},"12":{"start":{"line":24,"column":2},"end":{"line":29,"column":3}},"13":{"start":{"line":25,"column":17},"end":{"line":25,"column":49}},"14":{"start":{"line":26,"column":4},"end":{"line":26,"column":19}},"15":{"start":{"line":28,"column":4},"end":{"line":28,"column":14}},"16":{"start":{"line":32,"column":0},"end":{"line":39,"column":2}},"17":{"start":{"line":33,"column":2},"end":{"line":38,"column":3}},"18":{"start":{"line":34,"column":17},"end":{"line":34,"column":52}},"19":{"start":{"line":35,"column":4},"end":{"line":35,"column":19}},"20":{"start":{"line":37,"column":4},"end":{"line":37,"column":14}},"21":{"start":{"line":41,"column":0},"end":{"line":48,"column":2}},"22":{"start":{"line":42,"column":2},"end":{"line":47,"column":3}},"23":{"start":{"line":43,"column":17},"end":{"line":43,"column":51}},"24":{"start":{"line":44,"column":4},"end":{"line":44,"column":19}},"25":{"start":{"line":46,"column":4},"end":{"line":46,"column":14}},"26":{"start":{"line":50,"column":0},"end":{"line":57,"column":2}},"27":{"start":{"line":51,"column":2},"end":{"line":56,"column":3}},"28":{"start":{"line":52,"column":17},"end":{"line":52,"column":55}},"29":{"start":{"line":53,"column":4},"end":{"line":53,"column":19}},"30":{"start":{"line":55,"column":4},"end":{"line":55,"column":14}},"31":{"start":{"line":59,"column":0},"end":{"line":66,"column":2}},"32":{"start":{"line":60,"column":2},"end":{"line":65,"column":3}},"33":{"start":{"line":61,"column":17},"end":{"line":61,"column":74}},"34":{"start":{"line":62,"column":4},"end":{"line":62,"column":19}},"35":{"start":{"line":64,"column":4},"end":{"line":64,"column":14}}},"fnMap":{"0":{"name":"(anonymous_0)","decl":{"start":{"line":5,"column":19},"end":{"line":5,"column":20}},"loc":{"start":{"line":5,"column":45},"end":{"line":12,"column":1}},"line":5},"1":{"name":"(anonymous_1)","decl":{"start":{"line":14,"column":23},"end":{"line":14,"column":24}},"loc":{"start":{"line":14,"column":49},"end":{"line":21,"column":1}},"line":14},"2":{"name":"(anonymous_2)","decl":{"start":{"line":23,"column":18},"end":{"line":23,"column":19}},"loc":{"start":{"line":23,"column":44},"end":{"line":30,"column":1}},"line":23},"3":{"name":"(anonymous_3)","decl":{"start":{"line":32,"column":21},"end":{"line":32,"column":22}},"loc":{"start":{"line":32,"column":47},"end":{"line":39,"column":1}},"line":32},"4":{"name":"(anonymous_4)","decl":{"start":{"line":41,"column":20},"end":{"line":41,"column":21}},"loc":{"start":{"line":41,"column":46},"end":{"line":48,"column":1}},"line":41},"5":{"name":"(anonymous_5)","decl":{"start":{"line":50,"column":24},"end":{"line":50,"column":25}},"loc":{"start":{"line":50,"column":50},"end":{"line":57,"column":1}},"line":50},"6":{"name":"(anonymous_6)","decl":{"start":{"line":59,"column":28},"end":{"line":59,"column":29}},"loc":{"start":{"line":59,"column":54},"end":{"line":66,"column":1}},"line":59}},"branchMap":{},"s":{"0":3,"1":3,"2":1,"3":1,"4":1,"5":0,"6":3,"7":1,"8":1,"9":1,"10":0,"11":3,"12":3,"13":3,"14":2,"15":1,"16":3,"17":3,"18":3,"19":2,"20":1,"21":3,"22":3,"23":3,"24":2,"25":1,"26":3,"27":3,"28":3,"29":2,"30":1,"31":3,"32":2,"33":2,"34":1,"35":1},"f":{"0":1,"1":1,"2":3,"3":3,"4":3,"5":3,"6":2},"b":{},"_coverageSchema":"1a1c01bbd47fc00a2c39e90264f33305004495a9","hash":"ffdee45cdd81463ec044f94d00523df576d7ef30"}
,"/Users/annurdien/dev/IDLIX-API/src/lib/cacheService.js": {"path":"/Users/annurdien/dev/IDLIX-API/src/lib/cacheService.js","statementMap":{"0":{"start":{"line":12,"column":4},"end":{"line":12,"column":28}},"1":{"start":{"line":22,"column":18},"end":{"line":22,"column":38}},"2":{"start":{"line":23,"column":4},"end":{"line":23,"column":29}},"3":{"start":{"line":23,"column":16},"end":{"line":23,"column":29}},"4":{"start":{"line":24,"column":4},"end":{"line":24,"column":65}},"5":{"start":{"line":33,"column":18},"end":{"line":33,"column":38}},"6":{"start":{"line":34,"column":4},"end":{"line":34,"column":37}},"7":{"start":{"line":43,"column":4},"end":{"line":43,"column":58}},"8":{"start":{"line":50,"column":4},"end":{"line":50,"column":24}},"9":{"start":{"line":54,"column":17},"end":{"line":54,"column":35}},"10":{"start":{"line":55,"column":0},"end":{"line":55,"column":26}},"11":{"start":{"line":56,"column":0},"end":{"line":56,"column":43}}},"fnMap":{"0":{"name":"(anonymous_0)","decl":{"start":{"line":10,"column":2},"end":{"line":10,"column":3}},"loc":{"start":{"line":10,"column":16},"end":{"line":13,"column":3}},"line":10},"1":{"name":"(anonymous_1)","decl":{"start":{"line":21,"column":2},"end":{"line":21,"column":3}},"loc":{"start":{"line":21,"column":23},"end":{"line":25,"column":3}},"line":21},"2":{"name":"(anonymous_2)","decl":{"start":{"line":32,"column":2},"end":{"line":32,"column":3}},"loc":{"start":{"line":32,"column":11},"end":{"line":35,"column":3}},"line":32},"3":{"name":"(anonymous_3)","decl":{"start":{"line":42,"column":2},"end":{"line":42,"column":3}},"loc":{"start":{"line":42,"column":17},"end":{"line":44,"column":3}},"line":42},"4":{"name":"(anonymous_4)","decl":{"start":{"line":49,"column":2},"end":{"line":49,"column":3}},"loc":{"start":{"line":49,"column":10},"end":{"line":51,"column":3}},"line":49}},"branchMap":{"0":{"loc":{"start":{"line":23,"column":4},"end":{"line":23,"column":29}},"type":"if","locations":[{"start":{"line":23,"column":4},"end":{"line":23,"column":29}},{"start":{},"end":{}}],"line":23},"1":{"loc":{"start":{"line":34,"column":11},"end":{"line":34,"column":36}},"type":"cond-expr","locations":[{"start":{"line":34,"column":19},"end":{"line":34,"column":29}},{"start":{"line":34,"column":32},"end":{"line":34,"column":36}}],"line":34}},"s":{"0":14,"1":5,"2":5,"3":1,"4":4,"5":11,"6":11,"7":17,"8":3,"9":1,"10":1,"11":1},"f":{"0":14,"1":5,"2":11,"3":17,"4":3},"b":{"0":[1,4],"1":[6,5]},"_coverageSchema":"1a1c01bbd47fc00a2c39e90264f33305004495a9","hash":"d216f830d6dd41df57ba36ff8b41c9d253cdd483"}
,"/Users/annurdien/dev/IDLIX-API/src/lib/httpClient.js": {"path":"/Users/annurdien/dev/IDLIX-API/src/lib/httpClient.js","statementMap":{"0":{"start":{"line":3,"column":14},"end":{"line":3,"column":30}},"1":{"start":{"line":4,"column":14},"end":{"line":4,"column":37}},"2":{"start":{"line":5,"column":21},"end":{"line":5,"column":45}},"3":{"start":{"line":7,"column":18},"end":{"line":7,"column":39}},"4":{"start":{"line":13,"column":19},"end":{"line":16,"column":2}},"5":{"start":{"line":18,"column":0},"end":{"line":18,"column":28}}},"fnMap":{},"branchMap":{},"s":{"0":0,"1":0,"2":0,"3":0,"4":0,"5":0},"f":{},"b":{}}
,"/Users/annurdien/dev/IDLIX-API/src/lib/scraper.js": {"path":"/Users/annurdien/dev/IDLIX-API/src/lib/scraper.js","statementMap":{"0":{"start":{"line":3,"column":16},"end":{"line":3,"column":34}},"1":{"start":{"line":4,"column":21},"end":{"line":4,"column":45}},"2":{"start":{"line":15,"column":12},"end":{"line":15,"column":30}},"3":{"start":{"line":16,"column":16},"end":{"line":16,"column":18}},"4":{"start":{"line":18,"column":2},"end":{"line":30,"column":5}},"5":{"start":{"line":19,"column":18},"end":{"line":19,"column":57}},"6":{"start":{"line":20,"column":4},"end":{"line":20,"column":23}},"7":{"start":{"line":20,"column":16},"end":{"line":20,"column":23}},"8":{"start":{"line":22,"column":17},"end":{"line":22,"column":61}},"9":{"start":{"line":23,"column":17},"end":{"line":27,"column":5}},"10":{"start":{"line":29,"column":4},"end":{"line":29,"column":32}},"11":{"start":{"line":32,"column":2},"end":{"line":32,"column":15}},"12":{"start":{"line":44,"column":12},"end":{"line":44,"column":30}},"13":{"start":{"line":45,"column":16},"end":{"line":45,"column":18}},"14":{"start":{"line":47,"column":2},"end":{"line":59,"column":5}},"15":{"start":{"line":48,"column":18},"end":{"line":48,"column":55}},"16":{"start":{"line":49,"column":18},"end":{"line":49,"column":54}},"17":{"start":{"line":50,"column":4},"end":{"line":50,"column":32}},"18":{"start":{"line":50,"column":25},"end":{"line":50,"column":32}},"19":{"start":{"line":52,"column":17},"end":{"line":56,"column":5}},"20":{"start":{"line":58,"column":4},"end":{"line":58,"column":32}},"21":{"start":{"line":61,"column":2},"end":{"line":61,"column":15}},"22":{"start":{"line":72,"column":12},"end":{"line":72,"column":30}},"23":{"start":{"line":73,"column":16},"end":{"line":73,"column":18}},"24":{"start":{"line":75,"column":2},"end":{"line":87,"column":5}},"25":{"start":{"line":76,"column":18},"end":{"line":76,"column":57}},"26":{"start":{"line":77,"column":4},"end":{"line":77,"column":23}},"27":{"start":{"line":77,"column":16},"end":{"line":77,"column":23}},"28":{"start":{"line":79,"column":17},"end":{"line":79,"column":72}},"29":{"start":{"line":80,"column":17},"end":{"line":84,"column":5}},"30":{"start":{"line":86,"column":4},"end":{"line":86,"column":32}},"31":{"start":{"line":89,"column":2},"end":{"line":89,"column":15}},"32":{"start":{"line":100,"column":12},"end":{"line":100,"column":30}},"33":{"start":{"line":101,"column":16},"end":{"line":101,"column":18}},"34":{"start":{"line":103,"column":2},"end":{"line":115,"column":5}},"35":{"start":{"line":104,"column":18},"end":{"line":104,"column":57}},"36":{"start":{"line":105,"column":4},"end":{"line":105,"column":23}},"37":{"start":{"line":105,"column":16},"end":{"line":105,"column":23}},"38":{"start":{"line":107,"column":17},"end":{"line":107,"column":64}},"39":{"start":{"line":108,"column":17},"end":{"line":112,"column":5}},"40":{"start":{"line":114,"column":4},"end":{"line":114,"column":32}},"41":{"start":{"line":117,"column":2},"end":{"line":117,"column":15}},"42":{"start":{"line":120,"column":0},"end":{"line":120,"column":94}}},"fnMap":{"0":{"name":"parseMediaItems","decl":{"start":{"line":14,"column":9},"end":{"line":14,"column":24}},"loc":{"start":{"line":14,"column":45},"end":{"line":33,"column":1}},"line":14},"1":{"name":"(anonymous_1)","decl":{"start":{"line":18,"column":23},"end":{"line":18,"column":24}},"loc":{"start":{"line":18,"column":34},"end":{"line":30,"column":3}},"line":18},"2":{"name":"parseCardItems","decl":{"start":{"line":43,"column":9},"end":{"line":43,"column":23}},"loc":{"start":{"line":43,"column":41},"end":{"line":62,"column":1}},"line":43},"3":{"name":"(anonymous_3)","decl":{"start":{"line":47,"column":54},"end":{"line":47,"column":55}},"loc":{"start":{"line":47,"column":65},"end":{"line":59,"column":3}},"line":47},"4":{"name":"parseFeaturedItems","decl":{"start":{"line":71,"column":9},"end":{"line":71,"column":27}},"loc":{"start":{"line":71,"column":34},"end":{"line":90,"column":1}},"line":71},"5":{"name":"(anonymous_5)","decl":{"start":{"line":75,"column":41},"end":{"line":75,"column":42}},"loc":{"start":{"line":75,"column":52},"end":{"line":87,"column":3}},"line":75},"6":{"name":"parseCinemaxxiItems","decl":{"start":{"line":99,"column":9},"end":{"line":99,"column":28}},"loc":{"start":{"line":99,"column":35},"end":{"line":118,"column":1}},"line":99},"7":{"name":"(anonymous_7)","decl":{"start":{"line":103,"column":39},"end":{"line":103,"column":40}},"loc":{"start":{"line":103,"column":50},"end":{"line":115,"column":3}},"line":103}},"branchMap":{"0":{"loc":{"start":{"line":20,"column":4},"end":{"line":20,"column":23}},"type":"if","locations":[{"start":{"line":20,"column":4},"end":{"line":20,"column":23}},{"start":{},"end":{}}],"line":20},"1":{"loc":{"start":{"line":22,"column":17},"end":{"line":22,"column":61}},"type":"binary-expr","locations":[{"start":{"line":22,"column":17},"end":{"line":22,"column":55}},{"start":{"line":22,"column":59},"end":{"line":22,"column":61}}],"line":22},"2":{"loc":{"start":{"line":26,"column":17},"end":{"line":26,"column":69}},"type":"binary-expr","locations":[{"start":{"line":26,"column":17},"end":{"line":26,"column":61}},{"start":{"line":26,"column":65},"end":{"line":26,"column":69}}],"line":26},"3":{"loc":{"start":{"line":50,"column":4},"end":{"line":50,"column":32}},"type":"if","locations":[{"start":{"line":50,"column":4},"end":{"line":50,"column":32}},{"start":{},"end":{}}],"line":50},"4":{"loc":{"start":{"line":50,"column":8},"end":{"line":50,"column":23}},"type":"binary-expr","locations":[{"start":{"line":50,"column":8},"end":{"line":50,"column":13}},{"start":{"line":50,"column":17},"end":{"line":50,"column":23}}],"line":50},"5":{"loc":{"start":{"line":55,"column":17},"end":{"line":55,"column":66}},"type":"binary-expr","locations":[{"start":{"line":55,"column":17},"end":{"line":55,"column":58}},{"start":{"line":55,"column":62},"end":{"line":55,"column":66}}],"line":55},"6":{"loc":{"start":{"line":77,"column":4},"end":{"line":77,"column":23}},"type":"if","locations":[{"start":{"line":77,"column":4},"end":{"line":77,"column":23}},{"start":{},"end":{}}],"line":77},"7":{"loc":{"start":{"line":79,"column":17},"end":{"line":79,"column":72}},"type":"binary-expr","locations":[{"start":{"line":79,"column":17},"end":{"line":79,"column":66}},{"start":{"line":79,"column":70},"end":{"line":79,"column":72}}],"line":79},"8":{"loc":{"start":{"line":83,"column":17},"end":{"line":83,"column":69}},"type":"binary-expr","locations":[{"start":{"line":83,"column":17},"end":{"line":83,"column":61}},{"start":{"line":83,"column":65},"end":{"line":83,"column":69}}],"line":83},"9":{"loc":{"start":{"line":105,"column":4},"end":{"line":105,"column":23}},"type":"if","locations":[{"start":{"line":105,"column":4},"end":{"line":105,"column":23}},{"start":{},"end":{}}],"line":105},"10":{"loc":{"start":{"line":107,"column":17},"end":{"line":107,"column":64}},"type":"binary-expr","locations":[{"start":{"line":107,"column":17},"end":{"line":107,"column":58}},{"start":{"line":107,"column":62},"end":{"line":107,"column":64}}],"line":107},"11":{"loc":{"start":{"line":111,"column":17},"end":{"line":111,"column":69}},"type":"binary-expr","locations":[{"start":{"line":111,"column":17},"end":{"line":111,"column":61}},{"start":{"line":111,"column":65},"end":{"line":111,"column":69}}],"line":111}},"s":{"0":4,"1":4,"2":21,"3":21,"4":21,"5":32,"6":32,"7":5,"8":27,"9":27,"10":27,"11":21,"12":6,"13":6,"14":6,"15":15,"16":15,"17":15,"18":5,"19":10,"20":10,"21":6,"22":2,"23":2,"24":2,"25":1,"26":1,"27":0,"28":1,"29":1,"30":1,"31":2,"32":2,"33":2,"34":2,"35":1,"36":1,"37":0,"38":1,"39":1,"40":1,"41":2,"42":4},"f":{"0":21,"1":32,"2":6,"3":15,"4":2,"5":1,"6":2,"7":1},"b":{"0":[5,27],"1":[27,1],"2":[27,0],"3":[5,10],"4":[15,10],"5":[10,0],"6":[0,1],"7":[1,0],"8":[1,0],"9":[0,1],"10":[1,0],"11":[1,0]},"_coverageSchema":"1a1c01bbd47fc00a2c39e90264f33305004495a9","hash":"0fbbe3fc5c4f36a5c8113244ef55e1ca8a7b8eed"}
,"/Users/annurdien/dev/IDLIX-API/src/middleware/errorHandler.js": {"path":"/Users/annurdien/dev/IDLIX-API/src/middleware/errorHandler.js","statementMap":{"0":{"start":{"line":11,"column":0},"end":{"line":15,"column":2}},"1":{"start":{"line":12,"column":18},"end":{"line":12,"column":36}},"2":{"start":{"line":13,"column":18},"end":{"line":13,"column":56}},"3":{"start":{"line":14,"column":2},"end":{"line":14,"column":55}}},"fnMap":{"0":{"name":"(anonymous_0)","decl":{"start":{"line":11,"column":17},"end":{"line":11,"column":18}},"loc":{"start":{"line":11,"column":42},"end":{"line":15,"column":1}},"line":11}},"branchMap":{"0":{"loc":{"start":{"line":12,"column":18},"end":{"line":12,"column":36}},"type":"binary-expr","locations":[{"start":{"line":12,"column":18},"end":{"line":12,"column":28}},{"start":{"line":12,"column":33},"end":{"line":12,"column":36}}],"line":12},"1":{"loc":{"start":{"line":13,"column":18},"end":{"line":13,"column":56}},"type":"binary-expr","locations":[{"start":{"line":13,"column":18},"end":{"line":13,"column":29}},{"start":{"line":13,"column":33},"end":{"line":13,"column":56}}],"line":13}},"s":{"0":3,"1":11,"2":11,"3":11},"f":{"0":11},"b":{"0":[11,10],"1":[11,0]},"_coverageSchema":"1a1c01bbd47fc00a2c39e90264f33305004495a9","hash":"9c4de0fd100ef22421b652c62973a815e01b8760"}
,"/Users/annurdien/dev/IDLIX-API/src/middleware/validate.js": {"path":"/Users/annurdien/dev/IDLIX-API/src/middleware/validate.js","statementMap":{"0":{"start":{"line":11,"column":19},"end":{"line":11,"column":29}},"1":{"start":{"line":12,"column":2},"end":{"line":21,"column":3}},"2":{"start":{"line":13,"column":19},"end":{"line":13,"column":37}},"3":{"start":{"line":15,"column":4},"end":{"line":19,"column":5}},"4":{"start":{"line":16,"column":6},"end":{"line":18,"column":95}},"5":{"start":{"line":20,"column":4},"end":{"line":20,"column":29}},"6":{"start":{"line":22,"column":2},"end":{"line":22,"column":9}},"7":{"start":{"line":33,"column":20},"end":{"line":33,"column":30}},"8":{"start":{"line":34,"column":2},"end":{"line":38,"column":3}},"9":{"start":{"line":35,"column":4},"end":{"line":37,"column":106}},"10":{"start":{"line":39,"column":2},"end":{"line":39,"column":9}},"11":{"start":{"line":42,"column":0},"end":{"line":42,"column":49}}},"fnMap":{"0":{"name":"validatePage","decl":{"start":{"line":10,"column":9},"end":{"line":10,"column":21}},"loc":{"start":{"line":10,"column":38},"end":{"line":23,"column":1}},"line":10},"1":{"name":"validateGenre","decl":{"start":{"line":32,"column":9},"end":{"line":32,"column":22}},"loc":{"start":{"line":32,"column":39},"end":{"line":40,"column":1}},"line":32}},"branchMap":{"0":{"loc":{"start":{"line":12,"column":2},"end":{"line":21,"column":3}},"type":"if","locations":[{"start":{"line":12,"column":2},"end":{"line":21,"column":3}},{"start":{},"end":{}}],"line":12},"1":{"loc":{"start":{"line":15,"column":4},"end":{"line":19,"column":5}},"type":"if","locations":[{"start":{"line":15,"column":4},"end":{"line":19,"column":5}},{"start":{},"end":{}}],"line":15},"2":{"loc":{"start":{"line":15,"column":8},"end":{"line":15,"column":70}},"type":"binary-expr","locations":[{"start":{"line":15,"column":8},"end":{"line":15,"column":21}},{"start":{"line":15,"column":25},"end":{"line":15,"column":35}},{"start":{"line":15,"column":39},"end":{"line":15,"column":70}}],"line":15},"3":{"loc":{"start":{"line":34,"column":2},"end":{"line":38,"column":3}},"type":"if","locations":[{"start":{"line":34,"column":2},"end":{"line":38,"column":3}},{"start":{},"end":{}}],"line":34},"4":{"loc":{"start":{"line":34,"column":6},"end":{"line":34,"column":44}},"type":"binary-expr","locations":[{"start":{"line":34,"column":6},"end":{"line":34,"column":12}},{"start":{"line":34,"column":16},"end":{"line":34,"column":44}}],"line":34}},"s":{"0":21,"1":21,"2":20,"3":20,"4":11,"5":9,"6":10,"7":19,"8":19,"9":5,"10":14,"11":4},"f":{"0":21,"1":19},"b":{"0":[20,1],"1":[11,9],"2":[20,15,11],"3":[5,14],"4":[19,18]},"_coverageSchema":"1a1c01bbd47fc00a2c39e90264f33305004495a9","hash":"205e9c408ed3c49b19dea47bdddf5010ec544fd2"}
,"/Users/annurdien/dev/IDLIX-API/src/routes/general.routes.js": {"path":"/Users/annurdien/dev/IDLIX-API/src/routes/general.routes.js","statementMap":{"0":{"start":{"line":3,"column":24},"end":{"line":3,"column":42}},"1":{"start":{"line":4,"column":26},"end":{"line":4,"column":71}},"2":{"start":{"line":6,"column":15},"end":{"line":6,"column":23}},"3":{"start":{"line":9,"column":0},"end":{"line":9,"column":42}},"4":{"start":{"line":12,"column":0},"end":{"line":12,"column":52}},"5":{"start":{"line":15,"column":0},"end":{"line":15,"column":54}},"6":{"start":{"line":17,"column":0},"end":{"line":17,"column":24}}},"fnMap":{},"branchMap":{},"s":{"0":3,"1":3,"2":3,"3":3,"4":3,"5":3,"6":3},"f":{},"b":{},"_coverageSchema":"1a1c01bbd47fc00a2c39e90264f33305004495a9","hash":"a396aa0b63beea37f614ad361603ac837cb85422"}
,"/Users/annurdien/dev/IDLIX-API/src/routes/genre.routes.js": {"path":"/Users/annurdien/dev/IDLIX-API/src/routes/genre.routes.js","statementMap":{"0":{"start":{"line":3,"column":28},"end":{"line":3,"column":46}},"1":{"start":{"line":4,"column":28},"end":{"line":4,"column":70}},"2":{"start":{"line":5,"column":40},"end":{"line":5,"column":73}},"3":{"start":{"line":7,"column":15},"end":{"line":7,"column":23}},"4":{"start":{"line":10,"column":0},"end":{"line":10,"column":73}},"5":{"start":{"line":13,"column":0},"end":{"line":13,"column":93}},"6":{"start":{"line":16,"column":0},"end":{"line":16,"column":71}},"7":{"start":{"line":19,"column":0},"end":{"line":19,"column":91}},"8":{"start":{"line":21,"column":0},"end":{"line":21,"column":24}}},"fnMap":{},"branchMap":{},"s":{"0":3,"1":3,"2":3,"3":3,"4":3,"5":3,"6":3,"7":3,"8":3},"f":{},"b":{},"_coverageSchema":"1a1c01bbd47fc00a2c39e90264f33305004495a9","hash":"dcb54a6d7f35327fa7395225a9700cea7bedcfbf"}
,"/Users/annurdien/dev/IDLIX-API/src/routes/index.js": {"path":"/Users/annurdien/dev/IDLIX-API/src/routes/index.js","statementMap":{"0":{"start":{"line":3,"column":22},"end":{"line":3,"column":40}},"1":{"start":{"line":4,"column":22},"end":{"line":4,"column":49}},"2":{"start":{"line":5,"column":22},"end":{"line":5,"column":47}},"3":{"start":{"line":6,"column":22},"end":{"line":6,"column":48}},"4":{"start":{"line":7,"column":22},"end":{"line":7,"column":47}},"5":{"start":{"line":9,"column":15},"end":{"line":9,"column":23}},"6":{"start":{"line":11,"column":0},"end":{"line":11,"column":37}},"7":{"start":{"line":12,"column":0},"end":{"line":12,"column":35}},"8":{"start":{"line":13,"column":0},"end":{"line":13,"column":36}},"9":{"start":{"line":14,"column":0},"end":{"line":14,"column":35}},"10":{"start":{"line":16,"column":0},"end":{"line":16,"column":24}}},"fnMap":{},"branchMap":{},"s":{"0":3,"1":3,"2":3,"3":3,"4":3,"5":3,"6":3,"7":3,"8":3,"9":3,"10":3},"f":{},"b":{},"_coverageSchema":"1a1c01bbd47fc00a2c39e90264f33305004495a9","hash":"3aa2861a96fd171e781603060e43def03e44a1ee"}
,"/Users/annurdien/dev/IDLIX-API/src/routes/movie.routes.js": {"path":"/Users/annurdien/dev/IDLIX-API/src/routes/movie.routes.js","statementMap":{"0":{"start":{"line":3,"column":23},"end":{"line":3,"column":41}},"1":{"start":{"line":4,"column":24},"end":{"line":4,"column":66}},"2":{"start":{"line":5,"column":25},"end":{"line":5,"column":58}},"3":{"start":{"line":7,"column":15},"end":{"line":7,"column":23}},"4":{"start":{"line":10,"column":0},"end":{"line":10,"column":40}},"5":{"start":{"line":13,"column":0},"end":{"line":13,"column":50}},"6":{"start":{"line":16,"column":0},"end":{"line":16,"column":74}},"7":{"start":{"line":18,"column":0},"end":{"line":18,"column":24}}},"fnMap":{},"branchMap":{},"s":{"0":3,"1":3,"2":3,"3":3,"4":3,"5":3,"6":3,"7":3},"f":{},"b":{},"_coverageSchema":"1a1c01bbd47fc00a2c39e90264f33305004495a9","hash":"b0483fa75e7beb62fc596c13a185c3c490074496"}
,"/Users/annurdien/dev/IDLIX-API/src/routes/series.routes.js": {"path":"/Users/annurdien/dev/IDLIX-API/src/routes/series.routes.js","statementMap":{"0":{"start":{"line":3,"column":24},"end":{"line":3,"column":42}},"1":{"start":{"line":4,"column":25},"end":{"line":4,"column":68}},"2":{"start":{"line":5,"column":25},"end":{"line":5,"column":58}},"3":{"start":{"line":7,"column":15},"end":{"line":7,"column":23}},"4":{"start":{"line":10,"column":0},"end":{"line":10,"column":51}},"5":{"start":{"line":13,"column":0},"end":{"line":13,"column":53}},"6":{"start":{"line":16,"column":0},"end":{"line":16,"column":47}},"7":{"start":{"line":19,"column":0},"end":{"line":19,"column":51}},"8":{"start":{"line":22,"column":0},"end":{"line":22,"column":47}},"9":{"start":{"line":25,"column":0},"end":{"line":25,"column":55}},"10":{"start":{"line":28,"column":0},"end":{"line":28,"column":79}},"11":{"start":{"line":30,"column":0},"end":{"line":30,"column":24}}},"fnMap":{},"branchMap":{},"s":{"0":3,"1":3,"2":3,"3":3,"4":3,"5":3,"6":3,"7":3,"8":3,"9":3,"10":3,"11":3},"f":{},"b":{},"_coverageSchema":"1a1c01bbd47fc00a2c39e90264f33305004495a9","hash":"4ea74f1c9b07cffd3f33b9057ff56ceddddc8a7a"}
,"/Users/annurdien/dev/IDLIX-API/src/services/genre.service.js": {"path":"/Users/annurdien/dev/IDLIX-API/src/services/genre.service.js","statementMap":{"0":{"start":{"line":3,"column":19},"end":{"line":3,"column":47}},"1":{"start":{"line":4,"column":19},"end":{"line":4,"column":49}},"2":{"start":{"line":5,"column":22},"end":{"line":5,"column":46}},"3":{"start":{"line":6,"column":28},"end":{"line":6,"column":53}},"4":{"start":{"line":15,"column":14},"end":{"line":15,"column":44}},"5":{"start":{"line":16,"column":2},"end":{"line":16,"column":62}},"6":{"start":{"line":16,"column":40},"end":{"line":16,"column":62}},"7":{"start":{"line":18,"column":19},"end":{"line":18,"column":71}},"8":{"start":{"line":19,"column":16},"end":{"line":19,"column":70}},"9":{"start":{"line":20,"column":2},"end":{"line":20,"column":24}},"10":{"start":{"line":21,"column":2},"end":{"line":21,"column":15}},"11":{"start":{"line":31,"column":14},"end":{"line":31,"column":43}},"12":{"start":{"line":32,"column":2},"end":{"line":32,"column":62}},"13":{"start":{"line":32,"column":40},"end":{"line":32,"column":62}},"14":{"start":{"line":34,"column":19},"end":{"line":34,"column":71}},"15":{"start":{"line":35,"column":16},"end":{"line":35,"column":69}},"16":{"start":{"line":36,"column":2},"end":{"line":36,"column":24}},"17":{"start":{"line":37,"column":2},"end":{"line":37,"column":15}},"18":{"start":{"line":40,"column":0},"end":{"line":40,"column":51}}},"fnMap":{"0":{"name":"getGenreSeries","decl":{"start":{"line":14,"column":15},"end":{"line":14,"column":29}},"loc":{"start":{"line":14,"column":47},"end":{"line":22,"column":1}},"line":14},"1":{"name":"getGenreMovie","decl":{"start":{"line":30,"column":15},"end":{"line":30,"column":28}},"loc":{"start":{"line":30,"column":46},"end":{"line":38,"column":1}},"line":30}},"branchMap":{"0":{"loc":{"start":{"line":14,"column":37},"end":{"line":14,"column":45}},"type":"default-arg","locations":[{"start":{"line":14,"column":44},"end":{"line":14,"column":45}}],"line":14},"1":{"loc":{"start":{"line":16,"column":2},"end":{"line":16,"column":62}},"type":"if","locations":[{"start":{"line":16,"column":2},"end":{"line":16,"column":62}},{"start":{},"end":{}}],"line":16},"2":{"loc":{"start":{"line":30,"column":36},"end":{"line":30,"column":44}},"type":"default-arg","locations":[{"start":{"line":30,"column":43},"end":{"line":30,"column":44}}],"line":30},"3":{"loc":{"start":{"line":32,"column":2},"end":{"line":32,"column":62}},"type":"if","locations":[{"start":{"line":32,"column":2},"end":{"line":32,"column":62}},{"start":{},"end":{}}],"line":32}},"s":{"0":3,"1":3,"2":3,"3":3,"4":4,"5":4,"6":0,"7":4,"8":3,"9":3,"10":3,"11":4,"12":4,"13":1,"14":3,"15":2,"16":2,"17":2,"18":3},"f":{"0":4,"1":4},"b":{"0":[0],"1":[0,4],"2":[0],"3":[1,3]},"_coverageSchema":"1a1c01bbd47fc00a2c39e90264f33305004495a9","hash":"7f90981c80a27a88e884525b3efd9818836c1bbf"}
,"/Users/annurdien/dev/IDLIX-API/src/services/homepage.service.js": {"path":"/Users/annurdien/dev/IDLIX-API/src/services/homepage.service.js","statementMap":{"0":{"start":{"line":3,"column":19},"end":{"line":3,"column":47}},"1":{"start":{"line":4,"column":19},"end":{"line":4,"column":49}},"2":{"start":{"line":5,"column":22},"end":{"line":5,"column":46}},"3":{"start":{"line":6,"column":52},"end":{"line":6,"column":77}},"4":{"start":{"line":14,"column":14},"end":{"line":14,"column":24}},"5":{"start":{"line":15,"column":2},"end":{"line":15,"column":66}},"6":{"start":{"line":15,"column":44},"end":{"line":15,"column":66}},"7":{"start":{"line":17,"column":19},"end":{"line":17,"column":44}},"8":{"start":{"line":18,"column":16},"end":{"line":18,"column":40}},"9":{"start":{"line":19,"column":2},"end":{"line":19,"column":24}},"10":{"start":{"line":20,"column":2},"end":{"line":20,"column":15}},"11":{"start":{"line":29,"column":14},"end":{"line":29,"column":25}},"12":{"start":{"line":30,"column":2},"end":{"line":30,"column":67}},"13":{"start":{"line":30,"column":45},"end":{"line":30,"column":67}},"14":{"start":{"line":32,"column":19},"end":{"line":32,"column":44}},"15":{"start":{"line":33,"column":16},"end":{"line":33,"column":41}},"16":{"start":{"line":34,"column":2},"end":{"line":34,"column":24}},"17":{"start":{"line":35,"column":2},"end":{"line":35,"column":15}},"18":{"start":{"line":38,"column":0},"end":{"line":38,"column":47}}},"fnMap":{"0":{"name":"getFeatured","decl":{"start":{"line":13,"column":15},"end":{"line":13,"column":26}},"loc":{"start":{"line":13,"column":29},"end":{"line":21,"column":1}},"line":13},"1":{"name":"getCinemaxxi","decl":{"start":{"line":28,"column":15},"end":{"line":28,"column":27}},"loc":{"start":{"line":28,"column":30},"end":{"line":36,"column":1}},"line":28}},"branchMap":{"0":{"loc":{"start":{"line":15,"column":2},"end":{"line":15,"column":66}},"type":"if","locations":[{"start":{"line":15,"column":2},"end":{"line":15,"column":66}},{"start":{},"end":{}}],"line":15},"1":{"loc":{"start":{"line":30,"column":2},"end":{"line":30,"column":67}},"type":"if","locations":[{"start":{"line":30,"column":2},"end":{"line":30,"column":67}},{"start":{},"end":{}}],"line":30}},"s":{"0":3,"1":3,"2":3,"3":3,"4":0,"5":0,"6":0,"7":0,"8":0,"9":0,"10":0,"11":0,"12":0,"13":0,"14":0,"15":0,"16":0,"17":0,"18":3},"f":{"0":0,"1":0},"b":{"0":[0,0],"1":[0,0]},"_coverageSchema":"1a1c01bbd47fc00a2c39e90264f33305004495a9","hash":"ca17b26fb951a139c0f878c96678e5c315df6b69"}
,"/Users/annurdien/dev/IDLIX-API/src/services/movie.service.js": {"path":"/Users/annurdien/dev/IDLIX-API/src/services/movie.service.js","statementMap":{"0":{"start":{"line":3,"column":19},"end":{"line":3,"column":47}},"1":{"start":{"line":4,"column":19},"end":{"line":4,"column":49}},"2":{"start":{"line":5,"column":32},"end":{"line":5,"column":56}},"3":{"start":{"line":6,"column":44},"end":{"line":6,"column":69}},"4":{"start":{"line":13,"column":14},"end":{"line":13,"column":19}},"5":{"start":{"line":14,"column":2},"end":{"line":14,"column":61}},"6":{"start":{"line":14,"column":39},"end":{"line":14,"column":61}},"7":{"start":{"line":16,"column":19},"end":{"line":16,"column":69}},"8":{"start":{"line":17,"column":16},"end":{"line":17,"column":57}},"9":{"start":{"line":18,"column":2},"end":{"line":18,"column":24}},"10":{"start":{"line":19,"column":2},"end":{"line":19,"column":15}},"11":{"start":{"line":27,"column":14},"end":{"line":27,"column":24}},"12":{"start":{"line":28,"column":2},"end":{"line":28,"column":66}},"13":{"start":{"line":28,"column":44},"end":{"line":28,"column":66}},"14":{"start":{"line":30,"column":19},"end":{"line":30,"column":64}},"15":{"start":{"line":31,"column":16},"end":{"line":31,"column":91}},"16":{"start":{"line":32,"column":2},"end":{"line":32,"column":24}},"17":{"start":{"line":33,"column":2},"end":{"line":33,"column":15}},"18":{"start":{"line":43,"column":14},"end":{"line":43,"column":37}},"19":{"start":{"line":44,"column":2},"end":{"line":44,"column":66}},"20":{"start":{"line":44,"column":44},"end":{"line":44,"column":66}},"21":{"start":{"line":46,"column":19},"end":{"line":46,"column":77}},"22":{"start":{"line":47,"column":16},"end":{"line":47,"column":91}},"23":{"start":{"line":49,"column":2},"end":{"line":53,"column":3}},"24":{"start":{"line":50,"column":16},"end":{"line":50,"column":43}},"25":{"start":{"line":51,"column":4},"end":{"line":51,"column":21}},"26":{"start":{"line":52,"column":4},"end":{"line":52,"column":14}},"27":{"start":{"line":55,"column":2},"end":{"line":55,"column":24}},"28":{"start":{"line":56,"column":2},"end":{"line":56,"column":15}},"29":{"start":{"line":59,"column":0},"end":{"line":59,"column":58}}},"fnMap":{"0":{"name":"getMcu","decl":{"start":{"line":12,"column":15},"end":{"line":12,"column":21}},"loc":{"start":{"line":12,"column":24},"end":{"line":20,"column":1}},"line":12},"1":{"name":"getTrending","decl":{"start":{"line":26,"column":15},"end":{"line":26,"column":26}},"loc":{"start":{"line":26,"column":29},"end":{"line":34,"column":1}},"line":26},"2":{"name":"getTrendingPage","decl":{"start":{"line":42,"column":15},"end":{"line":42,"column":30}},"loc":{"start":{"line":42,"column":37},"end":{"line":57,"column":1}},"line":42}},"branchMap":{"0":{"loc":{"start":{"line":14,"column":2},"end":{"line":14,"column":61}},"type":"if","locations":[{"start":{"line":14,"column":2},"end":{"line":14,"column":61}},{"start":{},"end":{}}],"line":14},"1":{"loc":{"start":{"line":28,"column":2},"end":{"line":28,"column":66}},"type":"if","locations":[{"start":{"line":28,"column":2},"end":{"line":28,"column":66}},{"start":{},"end":{}}],"line":28},"2":{"loc":{"start":{"line":44,"column":2},"end":{"line":44,"column":66}},"type":"if","locations":[{"start":{"line":44,"column":2},"end":{"line":44,"column":66}},{"start":{},"end":{}}],"line":44},"3":{"loc":{"start":{"line":49,"column":2},"end":{"line":53,"column":3}},"type":"if","locations":[{"start":{"line":49,"column":2},"end":{"line":53,"column":3}},{"start":{},"end":{}}],"line":49}},"s":{"0":3,"1":3,"2":3,"3":3,"4":2,"5":2,"6":0,"7":2,"8":1,"9":1,"10":1,"11":4,"12":4,"13":1,"14":3,"15":2,"16":2,"17":2,"18":3,"19":3,"20":0,"21":3,"22":2,"23":2,"24":1,"25":1,"26":1,"27":1,"28":1,"29":3},"f":{"0":2,"1":4,"2":3},"b":{"0":[0,2],"1":[1,3],"2":[0,3],"3":[1,1]},"_coverageSchema":"1a1c01bbd47fc00a2c39e90264f33305004495a9","hash":"28f41779398f28dc767506b5e9f053d084470ecd"}
,"/Users/annurdien/dev/IDLIX-API/src/services/series.service.js": {"path":"/Users/annurdien/dev/IDLIX-API/src/services/series.service.js","statementMap":{"0":{"start":{"line":3,"column":19},"end":{"line":3,"column":47}},"1":{"start":{"line":4,"column":19},"end":{"line":4,"column":49}},"2":{"start":{"line":5,"column":32},"end":{"line":5,"column":56}},"3":{"start":{"line":6,"column":44},"end":{"line":6,"column":69}},"4":{"start":{"line":13,"column":14},"end":{"line":13,"column":27}},"5":{"start":{"line":14,"column":2},"end":{"line":14,"column":66}},"6":{"start":{"line":14,"column":44},"end":{"line":14,"column":66}},"7":{"start":{"line":16,"column":19},"end":{"line":16,"column":60}},"8":{"start":{"line":17,"column":16},"end":{"line":17,"column":92}},"9":{"start":{"line":18,"column":2},"end":{"line":18,"column":24}},"10":{"start":{"line":19,"column":2},"end":{"line":19,"column":15}},"11":{"start":{"line":27,"column":14},"end":{"line":27,"column":28}},"12":{"start":{"line":28,"column":2},"end":{"line":28,"column":64}},"13":{"start":{"line":28,"column":42},"end":{"line":28,"column":64}},"14":{"start":{"line":30,"column":19},"end":{"line":30,"column":65}},"15":{"start":{"line":31,"column":16},"end":{"line":31,"column":60}},"16":{"start":{"line":32,"column":2},"end":{"line":32,"column":24}},"17":{"start":{"line":33,"column":2},"end":{"line":33,"column":15}},"18":{"start":{"line":41,"column":14},"end":{"line":41,"column":29}},"19":{"start":{"line":42,"column":2},"end":{"line":42,"column":64}},"20":{"start":{"line":42,"column":42},"end":{"line":42,"column":64}},"21":{"start":{"line":44,"column":19},"end":{"line":44,"column":60}},"22":{"start":{"line":45,"column":16},"end":{"line":45,"column":70}},"23":{"start":{"line":46,"column":2},"end":{"line":46,"column":24}},"24":{"start":{"line":47,"column":2},"end":{"line":47,"column":15}},"25":{"start":{"line":55,"column":14},"end":{"line":55,"column":32}},"26":{"start":{"line":56,"column":2},"end":{"line":56,"column":64}},"27":{"start":{"line":56,"column":42},"end":{"line":56,"column":64}},"28":{"start":{"line":58,"column":19},"end":{"line":58,"column":58}},"29":{"start":{"line":59,"column":16},"end":{"line":59,"column":70}},"30":{"start":{"line":60,"column":2},"end":{"line":60,"column":24}},"31":{"start":{"line":61,"column":2},"end":{"line":61,"column":15}},"32":{"start":{"line":69,"column":14},"end":{"line":69,"column":25}},"33":{"start":{"line":70,"column":2},"end":{"line":70,"column":64}},"34":{"start":{"line":70,"column":42},"end":{"line":70,"column":64}},"35":{"start":{"line":72,"column":19},"end":{"line":72,"column":55}},"36":{"start":{"line":73,"column":16},"end":{"line":73,"column":70}},"37":{"start":{"line":74,"column":2},"end":{"line":74,"column":24}},"38":{"start":{"line":75,"column":2},"end":{"line":75,"column":15}},"39":{"start":{"line":83,"column":14},"end":{"line":83,"column":29}},"40":{"start":{"line":84,"column":2},"end":{"line":84,"column":64}},"41":{"start":{"line":84,"column":42},"end":{"line":84,"column":64}},"42":{"start":{"line":86,"column":19},"end":{"line":86,"column":59}},"43":{"start":{"line":87,"column":16},"end":{"line":87,"column":70}},"44":{"start":{"line":88,"column":2},"end":{"line":88,"column":24}},"45":{"start":{"line":89,"column":2},"end":{"line":89,"column":15}},"46":{"start":{"line":98,"column":14},"end":{"line":98,"column":42}},"47":{"start":{"line":99,"column":2},"end":{"line":99,"column":64}},"48":{"start":{"line":99,"column":42},"end":{"line":99,"column":64}},"49":{"start":{"line":101,"column":19},"end":{"line":101,"column":73}},"50":{"start":{"line":102,"column":16},"end":{"line":102,"column":70}},"51":{"start":{"line":103,"column":2},"end":{"line":103,"column":24}},"52":{"start":{"line":104,"column":2},"end":{"line":104,"column":15}},"53":{"start":{"line":107,"column":0},"end":{"line":115,"column":2}}},"fnMap":{"0":{"name":"getTrending","decl":{"start":{"line":12,"column":15},"end":{"line":12,"column":26}},"loc":{"start":{"line":12,"column":29},"end":{"line":20,"column":1}},"line":12},"1":{"name":"getMarvelSeries","decl":{"start":{"line":26,"column":15},"end":{"line":26,"column":30}},"loc":{"start":{"line":26,"column":33},"end":{"line":34,"column":1}},"line":26},"2":{"name":"getAppleTv","decl":{"start":{"line":40,"column":15},"end":{"line":40,"column":25}},"loc":{"start":{"line":40,"column":28},"end":{"line":48,"column":1}},"line":40},"3":{"name":"getDisneyPlus","decl":{"start":{"line":54,"column":15},"end":{"line":54,"column":28}},"loc":{"start":{"line":54,"column":31},"end":{"line":62,"column":1}},"line":54},"4":{"name":"getHboSeries","decl":{"start":{"line":68,"column":15},"end":{"line":68,"column":27}},"loc":{"start":{"line":68,"column":30},"end":{"line":76,"column":1}},"line":68},"5":{"name":"getNetflixSeries","decl":{"start":{"line":82,"column":15},"end":{"line":82,"column":31}},"loc":{"start":{"line":82,"column":34},"end":{"line":90,"column":1}},"line":82},"6":{"name":"getNetflixSeriesPage","decl":{"start":{"line":97,"column":15},"end":{"line":97,"column":35}},"loc":{"start":{"line":97,"column":42},"end":{"line":105,"column":1}},"line":97}},"branchMap":{"0":{"loc":{"start":{"line":14,"column":2},"end":{"line":14,"column":66}},"type":"if","locations":[{"start":{"line":14,"column":2},"end":{"line":14,"column":66}},{"start":{},"end":{}}],"line":14},"1":{"loc":{"start":{"line":28,"column":2},"end":{"line":28,"column":64}},"type":"if","locations":[{"start":{"line":28,"column":2},"end":{"line":28,"column":64}},{"start":{},"end":{}}],"line":28},"2":{"loc":{"start":{"line":42,"column":2},"end":{"line":42,"column":64}},"type":"if","locations":[{"start":{"line":42,"column":2},"end":{"line":42,"column":64}},{"start":{},"end":{}}],"line":42},"3":{"loc":{"start":{"line":56,"column":2},"end":{"line":56,"column":64}},"type":"if","locations":[{"start":{"line":56,"column":2},"end":{"line":56,"column":64}},{"start":{},"end":{}}],"line":56},"4":{"loc":{"start":{"line":70,"column":2},"end":{"line":70,"column":64}},"type":"if","locations":[{"start":{"line":70,"column":2},"end":{"line":70,"column":64}},{"start":{},"end":{}}],"line":70},"5":{"loc":{"start":{"line":84,"column":2},"end":{"line":84,"column":64}},"type":"if","locations":[{"start":{"line":84,"column":2},"end":{"line":84,"column":64}},{"start":{},"end":{}}],"line":84},"6":{"loc":{"start":{"line":99,"column":2},"end":{"line":99,"column":64}},"type":"if","locations":[{"start":{"line":99,"column":2},"end":{"line":99,"column":64}},{"start":{},"end":{}}],"line":99}},"s":{"0":3,"1":3,"2":3,"3":3,"4":1,"5":1,"6":0,"7":1,"8":1,"9":1,"10":1,"11":1,"12":1,"13":0,"14":1,"15":1,"16":1,"17":1,"18":3,"19":3,"20":1,"21":2,"22":1,"23":1,"24":1,"25":3,"26":3,"27":1,"28":2,"29":1,"30":1,"31":1,"32":3,"33":3,"34":1,"35":2,"36":1,"37":1,"38":1,"39":3,"40":3,"41":1,"42":2,"43":1,"44":1,"45":1,"46":2,"47":2,"48":0,"49":2,"50":1,"51":1,"52":1,"53":3},"f":{"0":1,"1":1,"2":3,"3":3,"4":3,"5":3,"6":2},"b":{"0":[0,1],"1":[0,1],"2":[1,2],"3":[1,2],"4":[1,2],"5":[1,2],"6":[0,2]},"_coverageSchema":"1a1c01bbd47fc00a2c39e90264f33305004495a9","hash":"8fe732b4f63fa76d42465af45c4735ecda4fcea4"}
}
