{"/Users/annurdien/dev/IDLIX-API/src/app.js": {"path":"/Users/annurdien/dev/IDLIX-API/src/app.js","statementMap":{"0":{"start":{"line":3,"column":21},"end":{"line":3,"column":39}},"1":{"start":{"line":4,"column":21},"end":{"line":4,"column":38}},"2":{"start":{"line":5,"column":21},"end":{"line":5,"column":36}},"3":{"start":{"line":6,"column":21},"end":{"line":6,"column":36}},"4":{"start":{"line":7,"column":21},"end":{"line":7,"column":40}},"5":{"start":{"line":8,"column":21},"end":{"line":8,"column":57}},"6":{"start":{"line":18,"column":14},"end":{"line":18,"column":23}},"7":{"start":{"line":21,"column":2},"end":{"line":21,"column":18}},"8":{"start":{"line":22,"column":2},"end":{"line":22,"column":20}},"9":{"start":{"line":23,"column":2},"end":{"line":23,"column":26}},"10":{"start":{"line":26,"column":2},"end":{"line":26,"column":26}},"11":{"start":{"line":29,"column":2},"end":{"line":29,"column":64}},"12":{"start":{"line":32,"column":2},"end":{"line":34,"column":5}},"13":{"start":{"line":33,"column":4},"end":{"line":33,"column":71}},"14":{"start":{"line":37,"column":2},"end":{"line":37,"column":24}},"15":{"start":{"line":39,"column":2},"end":{"line":39,"column":13}},"16":{"start":{"line":42,"column":0},"end":{"line":42,"column":27}}},"fnMap":{"0":{"name":"createApp","decl":{"start":{"line":17,"column":9},"end":{"line":17,"column":18}},"loc":{"start":{"line":17,"column":21},"end":{"line":40,"column":1}},"line":17},"1":{"name":"(anonymous_1)","decl":{"start":{"line":32,"column":10},"end":{"line":32,"column":11}},"loc":{"start":{"line":32,"column":24},"end":{"line":34,"column":3}},"line":32}},"branchMap":{},"s":{"0":3,"1":3,"2":3,"3":3,"4":3,"5":3,"6":3,"7":3,"8":3,"9":3,"10":3,"11":3,"12":3,"13":1,"14":3,"15":3,"16":3},"f":{"0":3,"1":1},"b":{},"_coverageSchema":"1a1c01bbd47fc00a2c39e90264f33305004495a9","hash":"68e8fe5675f1178c4f4a9eb09066c76762a08346"}
,"/Users/annurdien/dev/IDLIX-API/src/config/env.js": {"path":"/Users/annurdien/dev/IDLIX-API/src/config/env.js","statementMap":{"0":{"start":{"line":7,"column":0},"end":{"line":26,"column":2}}},"fnMap":{},"branchMap":{"0":{"loc":{"start":{"line":9,"column":12},"end":{"line":9,"column":66}},"type":"binary-expr","locations":[{"start":{"line":9,"column":12},"end":{"line":9,"column":38}},{"start":{"line":9,"column":42},"end":{"line":9,"column":66}}],"line":9},"1":{"loc":{"start":{"line":12,"column":8},"end":{"line":12,"column":32}},"type":"binary-expr","locations":[{"start":{"line":12,"column":8},"end":{"line":12,"column":24}},{"start":{"line":12,"column":28},"end":{"line":12,"column":32}}],"line":12},"2":{"loc":{"start":{"line":19,"column":15},"end":{"line":19,"column":59}},"type":"binary-expr","locations":[{"start":{"line":19,"column":15},"end":{"line":19,"column":49}},{"start":{"line":19,"column":58},"end":{"line":19,"column":59}}],"line":19},"3":{"loc":{"start":{"line":20,"column":15},"end":{"line":20,"column":59}},"type":"binary-expr","locations":[{"start":{"line":20,"column":15},"end":{"line":20,"column":53}},{"start":{"line":20,"column":58},"end":{"line":20,"column":59}}],"line":20},"4":{"loc":{"start":{"line":21,"column":15},"end":{"line":21,"column":59}},"type":"binary-expr","locations":[{"start":{"line":21,"column":15},"end":{"line":21,"column":54}},{"start":{"line":21,"column":58},"end":{"line":21,"column":59}}],"line":21},"5":{"loc":{"start":{"line":22,"column":15},"end":{"line":22,"column":59}},"type":"binary-expr","locations":[{"start":{"line":22,"column":15},"end":{"line":22,"column":53}},{"start":{"line":22,"column":58},"end":{"line":22,"column":59}}],"line":22},"6":{"loc":{"start":{"line":23,"column":15},"end":{"line":23,"column":59}},"type":"binary-expr","locations":[{"start":{"line":23,"column":15},"end":{"line":23,"column":51}},{"start":{"line":23,"column":58},"end":{"line":23,"column":59}}],"line":23},"7":{"loc":{"start":{"line":24,"column":15},"end":{"line":24,"column":59}},"type":"binary-expr","locations":[{"start":{"line":24,"column":15},"end":{"line":24,"column":48}},{"start":{"line":24,"column":58},"end":{"line":24,"column":59}}],"line":24}},"s":{"0":4},"f":{},"b":{"0":[4,4],"1":[4,4],"2":[4,4],"3":[4,4],"4":[4,4],"5":[4,4],"6":[4,4],"7":[4,4]},"_coverageSchema":"1a1c01bbd47fc00a2c39e90264f33305004495a9","hash":"938f9c46a7efee999058a4e6b42d1be98b4b7926"}
,"/Users/annurdien/dev/IDLIX-API/src/controllers/genre.controller.js": {"path":"/Users/annurdien/dev/IDLIX-API/src/controllers/genre.controller.js","statementMap":{"0":{"start":{"line":3,"column":21},"end":{"line":3,"column":57}},"1":{"start":{"line":5,"column":0},"end":{"line":13,"column":2}},"2":{"start":{"line":6,"column":2},"end":{"line":12,"column":3}},"3":{"start":{"line":7,"column":32},"end":{"line":7,"column":42}},"4":{"start":{"line":8,"column":17},"end":{"line":8,"column":63}},"5":{"start":{"line":9,"column":4},"end":{"line":9,"column":19}},"6":{"start":{"line":11,"column":4},"end":{"line":11,"column":14}},"7":{"start":{"line":15,"column":0},"end":{"line":23,"column":2}},"8":{"start":{"line":16,"column":2},"end":{"line":22,"column":3}},"9":{"start":{"line":17,"column":32},"end":{"line":17,"column":42}},"10":{"start":{"line":18,"column":17},"end":{"line":18,"column":62}},"11":{"start":{"line":19,"column":4},"end":{"line":19,"column":19}},"12":{"start":{"line":21,"column":4},"end":{"line":21,"column":14}}},"fnMap":{"0":{"name":"(anonymous_0)","decl":{"start":{"line":5,"column":22},"end":{"line":5,"column":23}},"loc":{"start":{"line":5,"column":48},"end":{"line":13,"column":1}},"line":5},"1":{"name":"(anonymous_1)","decl":{"start":{"line":15,"column":21},"end":{"line":15,"column":22}},"loc":{"start":{"line":15,"column":47},"end":{"line":23,"column":1}},"line":15}},"branchMap":{"0":{"loc":{"start":{"line":7,"column":19},"end":{"line":7,"column":27}},"type":"default-arg","locations":[{"start":{"line":7,"column":26},"end":{"line":7,"column":27}}],"line":7},"1":{"loc":{"start":{"line":17,"column":19},"end":{"line":17,"column":27}},"type":"default-arg","locations":[{"start":{"line":17,"column":26},"end":{"line":17,"column":27}}],"line":17}},"s":{"0":3,"1":3,"2":5,"3":5,"4":5,"5":3,"6":2,"7":3,"8":5,"9":5,"10":5,"11":3,"12":2},"f":{"0":5,"1":5},"b":{"0":[3],"1":[3]},"_coverageSchema":"1a1c01bbd47fc00a2c39e90264f33305004495a9","hash":"97d8f642d44313413b8e8f6bf8d02dbc25b3e890"}
,"/Users/annurdien/dev/IDLIX-API/src/controllers/homepage.controller.js": {"path":"/Users/annurdien/dev/IDLIX-API/src/controllers/homepage.controller.js","statementMap":{"0":{"start":{"line":3,"column":24},"end":{"line":3,"column":63}},"1":{"start":{"line":5,"column":0},"end":{"line":7,"column":2}},"2":{"start":{"line":6,"column":2},"end":{"line":6,"column":76}},"3":{"start":{"line":9,"column":0},"end":{"line":16,"column":2}},"4":{"start":{"line":10,"column":2},"end":{"line":15,"column":3}},"5":{"start":{"line":11,"column":17},"end":{"line":11,"column":52}},"6":{"start":{"line":12,"column":4},"end":{"line":12,"column":19}},"7":{"start":{"line":14,"column":4},"end":{"line":14,"column":14}},"8":{"start":{"line":18,"column":0},"end":{"line":25,"column":2}},"9":{"start":{"line":19,"column":2},"end":{"line":24,"column":3}},"10":{"start":{"line":20,"column":17},"end":{"line":20,"column":53}},"11":{"start":{"line":21,"column":4},"end":{"line":21,"column":19}},"12":{"start":{"line":23,"column":4},"end":{"line":23,"column":14}}},"fnMap":{"0":{"name":"(anonymous_0)","decl":{"start":{"line":5,"column":17},"end":{"line":5,"column":18}},"loc":{"start":{"line":5,"column":31},"end":{"line":7,"column":1}},"line":5},"1":{"name":"(anonymous_1)","decl":{"start":{"line":9,"column":19},"end":{"line":9,"column":20}},"loc":{"start":{"line":9,"column":45},"end":{"line":16,"column":1}},"line":9},"2":{"name":"(anonymous_2)","decl":{"start":{"line":18,"column":20},"end":{"line":18,"column":21}},"loc":{"start":{"line":18,"column":46},"end":{"line":25,"column":1}},"line":18}},"branchMap":{},"s":{"0":3,"1":3,"2":0,"3":3,"4":0,"5":0,"6":0,"7":0,"8":3,"9":0,"10":0,"11":0,"12":0},"f":{"0":0,"1":0,"2":0},"b":{},"_coverageSchema":"1a1c01bbd47fc00a2c39e90264f33305004495a9","hash":"cedef09fe297bb8e4478f10c85e56680d8f2a3a2"}
,"/Users/annurdien/dev/IDLIX-API/src/controllers/movie.controller.js": {"path":"/Users/annurdien/dev/IDLIX-API/src/controllers/movie.controller.js","statementMap":{"0":{"start":{"line":3,"column":21},"end":{"line":3,"column":57}},"1":{"start":{"line":5,"column":0},"end":{"line":12,"column":2}},"2":{"start":{"line":6,"column":2},"end":{"line":11,"column":3}},"3":{"start":{"line":7,"column":17},"end":{"line":7,"column":44}},"4":{"start":{"line":8,"column":4},"end":{"line":8,"column":19}},"5":{"start":{"line":10,"column":4},"end":{"line":10,"column":14}},"6":{"start":{"line":14,"column":0},"end":{"line":21,"column":2}},"7":{"start":{"line":15,"column":2},"end":{"line":20,"column":3}},"8":{"start":{"line":16,"column":17},"end":{"line":16,"column":49}},"9":{"start":{"line":17,"column":4},"end":{"line":17,"column":19}},"10":{"start":{"line":19,"column":4},"end":{"line":19,"column":14}},"11":{"start":{"line":23,"column":0},"end":{"line":30,"column":2}},"12":{"start":{"line":24,"column":2},"end":{"line":29,"column":3}},"13":{"start":{"line":25,"column":17},"end":{"line":25,"column":68}},"14":{"start":{"line":26,"column":4},"end":{"line":26,"column":19}},"15":{"start":{"line":28,"column":4},"end":{"line":28,"column":14}}},"fnMap":{"0":{"name":"(anonymous_0)","decl":{"start":{"line":5,"column":14},"end":{"line":5,"column":15}},"loc":{"start":{"line":5,"column":40},"end":{"line":12,"column":1}},"line":5},"1":{"name":"(anonymous_1)","decl":{"start":{"line":14,"column":19},"end":{"line":14,"column":20}},"loc":{"start":{"line":14,"column":45},"end":{"line":21,"column":1}},"line":14},"2":{"name":"(anonymous_2)","decl":{"start":{"line":23,"column":23},"end":{"line":23,"column":24}},"loc":{"start":{"line":23,"column":49},"end":{"line":30,"column":1}},"line":23}},"branchMap":{},"s":{"0":3,"1":3,"2":2,"3":2,"4":1,"5":1,"6":3,"7":4,"8":4,"9":3,"10":1,"11":3,"12":4,"13":4,"14":1,"15":3},"f":{"0":2,"1":4,"2":4},"b":{},"_coverageSchema":"1a1c01bbd47fc00a2c39e90264f33305004495a9","hash":"cc3f534fd1b8b9dd722abd5b7e1089d82f0710ae"}
,"/Users/annurdien/dev/IDLIX-API/src/controllers/series.controller.js": {"path":"/Users/annurdien/dev/IDLIX-API/src/controllers/series.controller.js","statementMap":{"0":{"start":{"line":3,"column":22},"end":{"line":3,"column":59}},"1":{"start":{"line":5,"column":0},"end":{"line":12,"column":2}},"2":{"start":{"line":6,"column":2},"end":{"line":11,"column":3}},"3":{"start":{"line":7,"column":17},"end":{"line":7,"column":50}},"4":{"start":{"line":8,"column":4},"end":{"line":8,"column":19}},"5":{"start":{"line":10,"column":4},"end":{"line":10,"column":14}},"6":{"start":{"line":14,"column":0},"end":{"line":21,"column":2}},"7":{"start":{"line":15,"column":2},"end":{"line":20,"column":3}},"8":{"start":{"line":16,"column":17},"end":{"line":16,"column":54}},"9":{"start":{"line":17,"column":4},"end":{"line":17,"column":19}},"10":{"start":{"line":19,"column":4},"end":{"line":19,"column":14}},"11":{"start":{"line":23,"column":0},"end":{"line":30,"column":2}},"12":{"start":{"line":24,"column":2},"end":{"line":29,"column":3}},"13":{"start":{"line":25,"column":17},"end":{"line":25,"column":49}},"14":{"start":{"line":26,"column":4},"end":{"line":26,"column":19}},"15":{"start":{"line":28,"column":4},"end":{"line":28,"column":14}},"16":{"start":{"line":32,"column":0},"end":{"line":39,"column":2}},"17":{"start":{"line":33,"column":2},"end":{"line":38,"column":3}},"18":{"start":{"line":34,"column":17},"end":{"line":34,"column":52}},"19":{"start":{"line":35,"column":4},"end":{"line":35,"column":19}},"20":{"start":{"line":37,"column":4},"end":{"line":37,"column":14}},"21":{"start":{"line":41,"column":0},"end":{"line":48,"column":2}},"22":{"start":{"line":42,"column":2},"end":{"line":47,"column":3}},"23":{"start":{"line":43,"column":17},"end":{"line":43,"column":51}},"24":{"start":{"line":44,"column":4},"end":{"line":44,"column":19}},"25":{"start":{"line":46,"column":4},"end":{"line":46,"column":14}},"26":{"start":{"line":50,"column":0},"end":{"line":57,"column":2}},"27":{"start":{"line":51,"column":2},"end":{"line":56,"column":3}},"28":{"start":{"line":52,"column":17},"end":{"line":52,"column":55}},"29":{"start":{"line":53,"column":4},"end":{"line":53,"column":19}},"30":{"start":{"line":55,"column":4},"end":{"line":55,"column":14}},"31":{"start":{"line":59,"column":0},"end":{"line":66,"column":2}},"32":{"start":{"line":60,"column":2},"end":{"line":65,"column":3}},"33":{"start":{"line":61,"column":17},"end":{"line":61,"column":74}},"34":{"start":{"line":62,"column":4},"end":{"line":62,"column":19}},"35":{"start":{"line":64,"column":4},"end":{"line":64,"column":14}}},"fnMap":{"0":{"name":"(anonymous_0)","decl":{"start":{"line":5,"column":19},"end":{"line":5,"column":20}},"loc":{"start":{"line":5,"column":45},"end":{"line":12,"column":1}},"line":5},"1":{"name":"(anonymous_1)","decl":{"start":{"line":14,"column":23},"end":{"line":14,"column":24}},"loc":{"start":{"line":14,"column":49},"end":{"line":21,"column":1}},"line":14},"2":{"name":"(anonymous_2)","decl":{"start":{"line":23,"column":18},"end":{"line":23,"column":19}},"loc":{"start":{"line":23,"column":44},"end":{"line":30,"column":1}},"line":23},"3":{"name":"(anonymous_3)","decl":{"start":{"line":32,"column":21},"end":{"line":32,"column":22}},"loc":{"start":{"line":32,"column":47},"end":{"line":39,"column":1}},"line":32},"4":{"name":"(anonymous_4)","decl":{"start":{"line":41,"column":20},"end":{"line":41,"column":21}},"loc":{"start":{"line":41,"column":46},"end":{"line":48,"column":1}},"line":41},"5":{"name":"(anonymous_5)","decl":{"start":{"line":50,"column":24},"end":{"line":50,"column":25}},"loc":{"start":{"line":50,"column":50},"end":{"line":57,"column":1}},"line":50},"6":{"name":"(anonymous_6)","decl":{"start":{"line":59,"column":28},"end":{"line":59,"column":29}},"loc":{"start":{"line":59,"column":54},"end":{"line":66,"column":1}},"line":59}},"branchMap":{},"s":{"0":3,"1":3,"2":1,"3":1,"4":1,"5":0,"6":3,"7":1,"8":1,"9":1,"10":0,"11":3,"12":3,"13":3,"14":2,"15":1,"16":3,"17":3,"18":3,"19":2,"20":1,"21":3,"22":3,"23":3,"24":2,"25":1,"26":3,"27":3,"28":3,"29":2,"30":1,"31":3,"32":3,"33":3,"34":1,"35":2},"f":{"0":1,"1":1,"2":3,"3":3,"4":3,"5":3,"6":3},"b":{},"_coverageSchema":"1a1c01bbd47fc00a2c39e90264f33305004495a9","hash":"ffdee45cdd81463ec044f94d00523df576d7ef30"}
,"/Users/annurdien/dev/IDLIX-API/src/lib/cacheService.js": {"path":"/Users/annurdien/dev/IDLIX-API/src/lib/cacheService.js","statementMap":{"0":{"start":{"line":12,"column":4},"end":{"line":12,"column":28}},"1":{"start":{"line":22,"column":18},"end":{"line":22,"column":38}},"2":{"start":{"line":23,"column":4},"end":{"line":23,"column":29}},"3":{"start":{"line":23,"column":16},"end":{"line":23,"column":29}},"4":{"start":{"line":24,"column":4},"end":{"line":24,"column":65}},"5":{"start":{"line":33,"column":18},"end":{"line":33,"column":38}},"6":{"start":{"line":34,"column":4},"end":{"line":34,"column":37}},"7":{"start":{"line":43,"column":4},"end":{"line":43,"column":58}},"8":{"start":{"line":50,"column":4},"end":{"line":50,"column":24}},"9":{"start":{"line":54,"column":17},"end":{"line":54,"column":35}},"10":{"start":{"line":55,"column":0},"end":{"line":55,"column":26}},"11":{"start":{"line":56,"column":0},"end":{"line":56,"column":43}}},"fnMap":{"0":{"name":"(anonymous_0)","decl":{"start":{"line":10,"column":2},"end":{"line":10,"column":3}},"loc":{"start":{"line":10,"column":16},"end":{"line":13,"column":3}},"line":10},"1":{"name":"(anonymous_1)","decl":{"start":{"line":21,"column":2},"end":{"line":21,"column":3}},"loc":{"start":{"line":21,"column":23},"end":{"line":25,"column":3}},"line":21},"2":{"name":"(anonymous_2)","decl":{"start":{"line":32,"column":2},"end":{"line":32,"column":3}},"loc":{"start":{"line":32,"column":11},"end":{"line":35,"column":3}},"line":32},"3":{"name":"(anonymous_3)","decl":{"start":{"line":42,"column":2},"end":{"line":42,"column":3}},"loc":{"start":{"line":42,"column":17},"end":{"line":44,"column":3}},"line":42},"4":{"name":"(anonymous_4)","decl":{"start":{"line":49,"column":2},"end":{"line":49,"column":3}},"loc":{"start":{"line":49,"column":10},"end":{"line":51,"column":3}},"line":49}},"branchMap":{"0":{"loc":{"start":{"line":23,"column":4},"end":{"line":23,"column":29}},"type":"if","locations":[{"start":{"line":23,"column":4},"end":{"line":23,"column":29}},{"start":{},"end":{}}],"line":23},"1":{"loc":{"start":{"line":34,"column":11},"end":{"line":34,"column":36}},"type":"cond-expr","locations":[{"start":{"line":34,"column":19},"end":{"line":34,"column":29}},{"start":{"line":34,"column":32},"end":{"line":34,"column":36}}],"line":34}},"s":{"0":14,"1":5,"2":5,"3":1,"4":4,"5":11,"6":11,"7":17,"8":3,"9":1,"10":1,"11":1},"f":{"0":14,"1":5,"2":11,"3":17,"4":3},"b":{"0":[1,4],"1":[6,5]},"_coverageSchema":"1a1c01bbd47fc00a2c39e90264f33305004495a9","hash":"d216f830d6dd41df57ba36ff8b41c9d253cdd483"}
,"/Users/annurdien/dev/IDLIX-API/src/lib/httpClient.js": {"path":"/Users/annurdien/dev/IDLIX-API/src/lib/httpClient.js","statementMap":{"0":{"start":{"line":3,"column":21},"end":{"line":3,"column":44}},"1":{"start":{"line":4,"column":21},"end":{"line":4,"column":45}},"2":{"start":{"line":17,"column":19},"end":{"line":27,"column":1}},"3":{"start":{"line":24,"column":16},"end":{"line":24,"column":36}},"4":{"start":{"line":25,"column":4},"end":{"line":25,"column":60}},"5":{"start":{"line":25,"column":49},"end":{"line":25,"column":57}},"6":{"start":{"line":29,"column":0},"end":{"line":29,"column":28}}},"fnMap":{"0":{"name":"(anonymous_0)","decl":{"start":{"line":23,"column":2},"end":{"line":23,"column":3}},"loc":{"start":{"line":23,"column":12},"end":{"line":26,"column":3}},"line":23},"1":{"name":"(anonymous_1)","decl":{"start":{"line":25,"column":38},"end":{"line":25,"column":39}},"loc":{"start":{"line":25,"column":49},"end":{"line":25,"column":57}},"line":25}},"branchMap":{},"s":{"0":0,"1":0,"2":0,"3":0,"4":0,"5":0,"6":0},"f":{"0":0,"1":0},"b":{}}
,"/Users/annurdien/dev/IDLIX-API/src/lib/scraper.js": {"path":"/Users/annurdien/dev/IDLIX-API/src/lib/scraper.js","statementMap":{"0":{"start":{"line":3,"column":16},"end":{"line":3,"column":34}},"1":{"start":{"line":4,"column":21},"end":{"line":4,"column":45}},"2":{"start":{"line":19,"column":12},"end":{"line":19,"column":30}},"3":{"start":{"line":20,"column":16},"end":{"line":20,"column":18}},"4":{"start":{"line":22,"column":2},"end":{"line":40,"column":5}},"5":{"start":{"line":23,"column":17},"end":{"line":23,"column":41}},"6":{"start":{"line":24,"column":18},"end":{"line":24,"column":37}},"7":{"start":{"line":25,"column":4},"end":{"line":25,"column":32}},"8":{"start":{"line":25,"column":25},"end":{"line":25,"column":32}},"9":{"start":{"line":28,"column":4},"end":{"line":28,"column":64}},"10":{"start":{"line":28,"column":57},"end":{"line":28,"column":64}},"11":{"start":{"line":29,"column":4},"end":{"line":29,"column":66}},"12":{"start":{"line":29,"column":59},"end":{"line":29,"column":66}},"13":{"start":{"line":31,"column":4},"end":{"line":31,"column":76}},"14":{"start":{"line":31,"column":69},"end":{"line":31,"column":76}},"15":{"start":{"line":33,"column":17},"end":{"line":37,"column":5}},"16":{"start":{"line":39,"column":4},"end":{"line":39,"column":32}},"17":{"start":{"line":42,"column":2},"end":{"line":42,"column":15}},"18":{"start":{"line":58,"column":12},"end":{"line":58,"column":30}},"19":{"start":{"line":59,"column":16},"end":{"line":59,"column":18}},"20":{"start":{"line":61,"column":2},"end":{"line":84,"column":5}},"21":{"start":{"line":62,"column":4},"end":{"line":62,"column":53}},"22":{"start":{"line":62,"column":46},"end":{"line":62,"column":53}},"23":{"start":{"line":64,"column":16},"end":{"line":64,"column":32}},"24":{"start":{"line":65,"column":4},"end":{"line":83,"column":7}},"25":{"start":{"line":66,"column":19},"end":{"line":66,"column":42}},"26":{"start":{"line":67,"column":20},"end":{"line":67,"column":38}},"27":{"start":{"line":68,"column":6},"end":{"line":68,"column":34}},"28":{"start":{"line":68,"column":27},"end":{"line":68,"column":34}},"29":{"start":{"line":71,"column":6},"end":{"line":71,"column":66}},"30":{"start":{"line":71,"column":59},"end":{"line":71,"column":66}},"31":{"start":{"line":72,"column":6},"end":{"line":72,"column":68}},"32":{"start":{"line":72,"column":61},"end":{"line":72,"column":68}},"33":{"start":{"line":74,"column":6},"end":{"line":74,"column":78}},"34":{"start":{"line":74,"column":71},"end":{"line":74,"column":78}},"35":{"start":{"line":76,"column":19},"end":{"line":80,"column":7}},"36":{"start":{"line":82,"column":6},"end":{"line":82,"column":34}},"37":{"start":{"line":86,"column":2},"end":{"line":86,"column":15}},"38":{"start":{"line":89,"column":0},"end":{"line":89,"column":59}}},"fnMap":{"0":{"name":"parseMediaItems","decl":{"start":{"line":18,"column":9},"end":{"line":18,"column":24}},"loc":{"start":{"line":18,"column":37},"end":{"line":43,"column":1}},"line":18},"1":{"name":"(anonymous_1)","decl":{"start":{"line":22,"column":36},"end":{"line":22,"column":37}},"loc":{"start":{"line":22,"column":47},"end":{"line":40,"column":3}},"line":22},"2":{"name":"parseHomepageSection","decl":{"start":{"line":57,"column":9},"end":{"line":57,"column":29}},"loc":{"start":{"line":57,"column":56},"end":{"line":87,"column":1}},"line":57},"3":{"name":"(anonymous_3)","decl":{"start":{"line":61,"column":31},"end":{"line":61,"column":32}},"loc":{"start":{"line":61,"column":42},"end":{"line":84,"column":3}},"line":61},"4":{"name":"(anonymous_4)","decl":{"start":{"line":65,"column":26},"end":{"line":65,"column":27}},"loc":{"start":{"line":65,"column":36},"end":{"line":83,"column":5}},"line":65}},"branchMap":{"0":{"loc":{"start":{"line":23,"column":17},"end":{"line":23,"column":41}},"type":"binary-expr","locations":[{"start":{"line":23,"column":17},"end":{"line":23,"column":35}},{"start":{"line":23,"column":39},"end":{"line":23,"column":41}}],"line":23},"1":{"loc":{"start":{"line":25,"column":4},"end":{"line":25,"column":32}},"type":"if","locations":[{"start":{"line":25,"column":4},"end":{"line":25,"column":32}},{"start":{},"end":{}}],"line":25},"2":{"loc":{"start":{"line":25,"column":8},"end":{"line":25,"column":23}},"type":"binary-expr","locations":[{"start":{"line":25,"column":8},"end":{"line":25,"column":14}},{"start":{"line":25,"column":18},"end":{"line":25,"column":23}}],"line":25},"3":{"loc":{"start":{"line":28,"column":4},"end":{"line":28,"column":64}},"type":"if","locations":[{"start":{"line":28,"column":4},"end":{"line":28,"column":64}},{"start":{},"end":{}}],"line":28},"4":{"loc":{"start":{"line":28,"column":8},"end":{"line":28,"column":55}},"type":"binary-expr","locations":[{"start":{"line":28,"column":8},"end":{"line":28,"column":24}},{"start":{"line":28,"column":28},"end":{"line":28,"column":55}}],"line":28},"5":{"loc":{"start":{"line":29,"column":4},"end":{"line":29,"column":66}},"type":"if","locations":[{"start":{"line":29,"column":4},"end":{"line":29,"column":66}},{"start":{},"end":{}}],"line":29},"6":{"loc":{"start":{"line":29,"column":8},"end":{"line":29,"column":57}},"type":"binary-expr","locations":[{"start":{"line":29,"column":8},"end":{"line":29,"column":25}},{"start":{"line":29,"column":29},"end":{"line":29,"column":57}}],"line":29},"7":{"loc":{"start":{"line":31,"column":4},"end":{"line":31,"column":76}},"type":"if","locations":[{"start":{"line":31,"column":4},"end":{"line":31,"column":76}},{"start":{},"end":{}}],"line":31},"8":{"loc":{"start":{"line":31,"column":8},"end":{"line":31,"column":67}},"type":"binary-expr","locations":[{"start":{"line":31,"column":8},"end":{"line":31,"column":35}},{"start":{"line":31,"column":39},"end":{"line":31,"column":67}}],"line":31},"9":{"loc":{"start":{"line":62,"column":4},"end":{"line":62,"column":53}},"type":"if","locations":[{"start":{"line":62,"column":4},"end":{"line":62,"column":53}},{"start":{},"end":{}}],"line":62},"10":{"loc":{"start":{"line":66,"column":19},"end":{"line":66,"column":42}},"type":"binary-expr","locations":[{"start":{"line":66,"column":19},"end":{"line":66,"column":36}},{"start":{"line":66,"column":40},"end":{"line":66,"column":42}}],"line":66},"11":{"loc":{"start":{"line":68,"column":6},"end":{"line":68,"column":34}},"type":"if","locations":[{"start":{"line":68,"column":6},"end":{"line":68,"column":34}},{"start":{},"end":{}}],"line":68},"12":{"loc":{"start":{"line":68,"column":10},"end":{"line":68,"column":25}},"type":"binary-expr","locations":[{"start":{"line":68,"column":10},"end":{"line":68,"column":16}},{"start":{"line":68,"column":20},"end":{"line":68,"column":25}}],"line":68},"13":{"loc":{"start":{"line":71,"column":6},"end":{"line":71,"column":66}},"type":"if","locations":[{"start":{"line":71,"column":6},"end":{"line":71,"column":66}},{"start":{},"end":{}}],"line":71},"14":{"loc":{"start":{"line":71,"column":10},"end":{"line":71,"column":57}},"type":"binary-expr","locations":[{"start":{"line":71,"column":10},"end":{"line":71,"column":26}},{"start":{"line":71,"column":30},"end":{"line":71,"column":57}}],"line":71},"15":{"loc":{"start":{"line":72,"column":6},"end":{"line":72,"column":68}},"type":"if","locations":[{"start":{"line":72,"column":6},"end":{"line":72,"column":68}},{"start":{},"end":{}}],"line":72},"16":{"loc":{"start":{"line":72,"column":10},"end":{"line":72,"column":59}},"type":"binary-expr","locations":[{"start":{"line":72,"column":10},"end":{"line":72,"column":27}},{"start":{"line":72,"column":31},"end":{"line":72,"column":59}}],"line":72},"17":{"loc":{"start":{"line":74,"column":6},"end":{"line":74,"column":78}},"type":"if","locations":[{"start":{"line":74,"column":6},"end":{"line":74,"column":78}},{"start":{},"end":{}}],"line":74},"18":{"loc":{"start":{"line":74,"column":10},"end":{"line":74,"column":69}},"type":"binary-expr","locations":[{"start":{"line":74,"column":10},"end":{"line":74,"column":37}},{"start":{"line":74,"column":41},"end":{"line":74,"column":69}}],"line":74}},"s":{"0":4,"1":4,"2":24,"3":24,"4":24,"5":63,"6":63,"7":63,"8":4,"9":59,"10":5,"11":54,"12":19,"13":35,"14":0,"15":35,"16":35,"17":24,"18":13,"19":13,"20":13,"21":45,"22":34,"23":11,"24":11,"25":29,"26":29,"27":29,"28":1,"29":28,"30":6,"31":22,"32":2,"33":20,"34":0,"35":20,"36":20,"37":13,"38":4},"f":{"0":24,"1":63,"2":13,"3":45,"4":29},"b":{"0":[63,0],"1":[4,59],"2":[63,59],"3":[5,54],"4":[59,17],"5":[19,35],"6":[54,38],"7":[0,35],"8":[35,21],"9":[34,11],"10":[29,0],"11":[1,28],"12":[29,28],"13":[6,22],"14":[28,11],"15":[2,20],"16":[22,10],"17":[0,20],"18":[20,12]},"_coverageSchema":"1a1c01bbd47fc00a2c39e90264f33305004495a9","hash":"b2938516e298b7e00e6c8fe98ab6d09179cebe23"}
,"/Users/annurdien/dev/IDLIX-API/src/middleware/errorHandler.js": {"path":"/Users/annurdien/dev/IDLIX-API/src/middleware/errorHandler.js","statementMap":{"0":{"start":{"line":11,"column":0},"end":{"line":15,"column":2}},"1":{"start":{"line":12,"column":18},"end":{"line":12,"column":36}},"2":{"start":{"line":13,"column":18},"end":{"line":13,"column":56}},"3":{"start":{"line":14,"column":2},"end":{"line":14,"column":55}}},"fnMap":{"0":{"name":"(anonymous_0)","decl":{"start":{"line":11,"column":17},"end":{"line":11,"column":18}},"loc":{"start":{"line":11,"column":42},"end":{"line":15,"column":1}},"line":11}},"branchMap":{"0":{"loc":{"start":{"line":12,"column":18},"end":{"line":12,"column":36}},"type":"binary-expr","locations":[{"start":{"line":12,"column":18},"end":{"line":12,"column":28}},{"start":{"line":12,"column":33},"end":{"line":12,"column":36}}],"line":12},"1":{"loc":{"start":{"line":13,"column":18},"end":{"line":13,"column":56}},"type":"binary-expr","locations":[{"start":{"line":13,"column":18},"end":{"line":13,"column":29}},{"start":{"line":13,"column":33},"end":{"line":13,"column":56}}],"line":13}},"s":{"0":3,"1":15,"2":15,"3":15},"f":{"0":15},"b":{"0":[15,10],"1":[15,0]},"_coverageSchema":"1a1c01bbd47fc00a2c39e90264f33305004495a9","hash":"9c4de0fd100ef22421b652c62973a815e01b8760"}
,"/Users/annurdien/dev/IDLIX-API/src/middleware/validate.js": {"path":"/Users/annurdien/dev/IDLIX-API/src/middleware/validate.js","statementMap":{"0":{"start":{"line":11,"column":19},"end":{"line":11,"column":29}},"1":{"start":{"line":12,"column":2},"end":{"line":21,"column":3}},"2":{"start":{"line":13,"column":19},"end":{"line":13,"column":37}},"3":{"start":{"line":15,"column":4},"end":{"line":19,"column":5}},"4":{"start":{"line":16,"column":6},"end":{"line":18,"column":95}},"5":{"start":{"line":20,"column":4},"end":{"line":20,"column":29}},"6":{"start":{"line":22,"column":2},"end":{"line":22,"column":9}},"7":{"start":{"line":33,"column":20},"end":{"line":33,"column":30}},"8":{"start":{"line":34,"column":2},"end":{"line":38,"column":3}},"9":{"start":{"line":35,"column":4},"end":{"line":37,"column":106}},"10":{"start":{"line":39,"column":2},"end":{"line":39,"column":9}},"11":{"start":{"line":42,"column":0},"end":{"line":42,"column":49}}},"fnMap":{"0":{"name":"validatePage","decl":{"start":{"line":10,"column":9},"end":{"line":10,"column":21}},"loc":{"start":{"line":10,"column":38},"end":{"line":23,"column":1}},"line":10},"1":{"name":"validateGenre","decl":{"start":{"line":32,"column":9},"end":{"line":32,"column":22}},"loc":{"start":{"line":32,"column":39},"end":{"line":40,"column":1}},"line":32}},"branchMap":{"0":{"loc":{"start":{"line":12,"column":2},"end":{"line":21,"column":3}},"type":"if","locations":[{"start":{"line":12,"column":2},"end":{"line":21,"column":3}},{"start":{},"end":{}}],"line":12},"1":{"loc":{"start":{"line":15,"column":4},"end":{"line":19,"column":5}},"type":"if","locations":[{"start":{"line":15,"column":4},"end":{"line":19,"column":5}},{"start":{},"end":{}}],"line":15},"2":{"loc":{"start":{"line":15,"column":8},"end":{"line":15,"column":70}},"type":"binary-expr","locations":[{"start":{"line":15,"column":8},"end":{"line":15,"column":21}},{"start":{"line":15,"column":25},"end":{"line":15,"column":35}},{"start":{"line":15,"column":39},"end":{"line":15,"column":70}}],"line":15},"3":{"loc":{"start":{"line":34,"column":2},"end":{"line":38,"column":3}},"type":"if","locations":[{"start":{"line":34,"column":2},"end":{"line":38,"column":3}},{"start":{},"end":{}}],"line":34},"4":{"loc":{"start":{"line":34,"column":6},"end":{"line":34,"column":44}},"type":"binary-expr","locations":[{"start":{"line":34,"column":6},"end":{"line":34,"column":12}},{"start":{"line":34,"column":16},"end":{"line":34,"column":44}}],"line":34}},"s":{"0":25,"1":25,"2":24,"3":24,"4":11,"5":13,"6":14,"7":21,"8":21,"9":5,"10":16,"11":4},"f":{"0":25,"1":21},"b":{"0":[24,1],"1":[11,13],"2":[24,19,15],"3":[5,16],"4":[21,20]},"_coverageSchema":"1a1c01bbd47fc00a2c39e90264f33305004495a9","hash":"205e9c408ed3c49b19dea47bdddf5010ec544fd2"}
,"/Users/annurdien/dev/IDLIX-API/src/routes/general.routes.js": {"path":"/Users/annurdien/dev/IDLIX-API/src/routes/general.routes.js","statementMap":{"0":{"start":{"line":3,"column":24},"end":{"line":3,"column":42}},"1":{"start":{"line":4,"column":26},"end":{"line":4,"column":71}},"2":{"start":{"line":6,"column":15},"end":{"line":6,"column":23}},"3":{"start":{"line":9,"column":0},"end":{"line":9,"column":42}},"4":{"start":{"line":12,"column":0},"end":{"line":12,"column":52}},"5":{"start":{"line":15,"column":0},"end":{"line":15,"column":54}},"6":{"start":{"line":17,"column":0},"end":{"line":17,"column":24}}},"fnMap":{},"branchMap":{},"s":{"0":3,"1":3,"2":3,"3":3,"4":3,"5":3,"6":3},"f":{},"b":{},"_coverageSchema":"1a1c01bbd47fc00a2c39e90264f33305004495a9","hash":"a396aa0b63beea37f614ad361603ac837cb85422"}
,"/Users/annurdien/dev/IDLIX-API/src/routes/genre.routes.js": {"path":"/Users/annurdien/dev/IDLIX-API/src/routes/genre.routes.js","statementMap":{"0":{"start":{"line":3,"column":28},"end":{"line":3,"column":46}},"1":{"start":{"line":4,"column":28},"end":{"line":4,"column":70}},"2":{"start":{"line":5,"column":40},"end":{"line":5,"column":73}},"3":{"start":{"line":7,"column":15},"end":{"line":7,"column":23}},"4":{"start":{"line":10,"column":0},"end":{"line":10,"column":73}},"5":{"start":{"line":13,"column":0},"end":{"line":13,"column":93}},"6":{"start":{"line":16,"column":0},"end":{"line":16,"column":71}},"7":{"start":{"line":19,"column":0},"end":{"line":19,"column":91}},"8":{"start":{"line":21,"column":0},"end":{"line":21,"column":24}}},"fnMap":{},"branchMap":{},"s":{"0":3,"1":3,"2":3,"3":3,"4":3,"5":3,"6":3,"7":3,"8":3},"f":{},"b":{},"_coverageSchema":"1a1c01bbd47fc00a2c39e90264f33305004495a9","hash":"dcb54a6d7f35327fa7395225a9700cea7bedcfbf"}
,"/Users/annurdien/dev/IDLIX-API/src/routes/index.js": {"path":"/Users/annurdien/dev/IDLIX-API/src/routes/index.js","statementMap":{"0":{"start":{"line":3,"column":22},"end":{"line":3,"column":40}},"1":{"start":{"line":4,"column":22},"end":{"line":4,"column":49}},"2":{"start":{"line":5,"column":22},"end":{"line":5,"column":47}},"3":{"start":{"line":6,"column":22},"end":{"line":6,"column":48}},"4":{"start":{"line":7,"column":22},"end":{"line":7,"column":47}},"5":{"start":{"line":9,"column":15},"end":{"line":9,"column":23}},"6":{"start":{"line":11,"column":0},"end":{"line":11,"column":37}},"7":{"start":{"line":12,"column":0},"end":{"line":12,"column":35}},"8":{"start":{"line":13,"column":0},"end":{"line":13,"column":36}},"9":{"start":{"line":14,"column":0},"end":{"line":14,"column":35}},"10":{"start":{"line":16,"column":0},"end":{"line":16,"column":24}}},"fnMap":{},"branchMap":{},"s":{"0":3,"1":3,"2":3,"3":3,"4":3,"5":3,"6":3,"7":3,"8":3,"9":3,"10":3},"f":{},"b":{},"_coverageSchema":"1a1c01bbd47fc00a2c39e90264f33305004495a9","hash":"3aa2861a96fd171e781603060e43def03e44a1ee"}
,"/Users/annurdien/dev/IDLIX-API/src/routes/movie.routes.js": {"path":"/Users/annurdien/dev/IDLIX-API/src/routes/movie.routes.js","statementMap":{"0":{"start":{"line":3,"column":23},"end":{"line":3,"column":41}},"1":{"start":{"line":4,"column":24},"end":{"line":4,"column":66}},"2":{"start":{"line":5,"column":25},"end":{"line":5,"column":58}},"3":{"start":{"line":7,"column":15},"end":{"line":7,"column":23}},"4":{"start":{"line":10,"column":0},"end":{"line":10,"column":40}},"5":{"start":{"line":13,"column":0},"end":{"line":13,"column":50}},"6":{"start":{"line":16,"column":0},"end":{"line":16,"column":74}},"7":{"start":{"line":18,"column":0},"end":{"line":18,"column":24}}},"fnMap":{},"branchMap":{},"s":{"0":3,"1":3,"2":3,"3":3,"4":3,"5":3,"6":3,"7":3},"f":{},"b":{},"_coverageSchema":"1a1c01bbd47fc00a2c39e90264f33305004495a9","hash":"b0483fa75e7beb62fc596c13a185c3c490074496"}
,"/Users/annurdien/dev/IDLIX-API/src/routes/series.routes.js": {"path":"/Users/annurdien/dev/IDLIX-API/src/routes/series.routes.js","statementMap":{"0":{"start":{"line":3,"column":24},"end":{"line":3,"column":42}},"1":{"start":{"line":4,"column":25},"end":{"line":4,"column":68}},"2":{"start":{"line":5,"column":25},"end":{"line":5,"column":58}},"3":{"start":{"line":7,"column":15},"end":{"line":7,"column":23}},"4":{"start":{"line":10,"column":0},"end":{"line":10,"column":51}},"5":{"start":{"line":13,"column":0},"end":{"line":13,"column":53}},"6":{"start":{"line":16,"column":0},"end":{"line":16,"column":47}},"7":{"start":{"line":19,"column":0},"end":{"line":19,"column":51}},"8":{"start":{"line":22,"column":0},"end":{"line":22,"column":47}},"9":{"start":{"line":25,"column":0},"end":{"line":25,"column":55}},"10":{"start":{"line":28,"column":0},"end":{"line":28,"column":79}},"11":{"start":{"line":30,"column":0},"end":{"line":30,"column":24}}},"fnMap":{},"branchMap":{},"s":{"0":3,"1":3,"2":3,"3":3,"4":3,"5":3,"6":3,"7":3,"8":3,"9":3,"10":3,"11":3},"f":{},"b":{},"_coverageSchema":"1a1c01bbd47fc00a2c39e90264f33305004495a9","hash":"4ea74f1c9b07cffd3f33b9057ff56ceddddc8a7a"}
,"/Users/annurdien/dev/IDLIX-API/src/services/genre.service.js": {"path":"/Users/annurdien/dev/IDLIX-API/src/services/genre.service.js","statementMap":{"0":{"start":{"line":3,"column":19},"end":{"line":3,"column":47}},"1":{"start":{"line":4,"column":19},"end":{"line":4,"column":49}},"2":{"start":{"line":5,"column":22},"end":{"line":5,"column":46}},"3":{"start":{"line":6,"column":28},"end":{"line":6,"column":53}},"4":{"start":{"line":20,"column":14},"end":{"line":20,"column":44}},"5":{"start":{"line":21,"column":2},"end":{"line":21,"column":62}},"6":{"start":{"line":21,"column":40},"end":{"line":21,"column":62}},"7":{"start":{"line":23,"column":19},"end":{"line":23,"column":58}},"8":{"start":{"line":24,"column":16},"end":{"line":24,"column":47}},"9":{"start":{"line":26,"column":2},"end":{"line":30,"column":3}},"10":{"start":{"line":27,"column":16},"end":{"line":27,"column":43}},"11":{"start":{"line":28,"column":4},"end":{"line":28,"column":21}},"12":{"start":{"line":29,"column":4},"end":{"line":29,"column":14}},"13":{"start":{"line":32,"column":2},"end":{"line":32,"column":24}},"14":{"start":{"line":33,"column":2},"end":{"line":33,"column":15}},"15":{"start":{"line":48,"column":14},"end":{"line":48,"column":43}},"16":{"start":{"line":49,"column":2},"end":{"line":49,"column":62}},"17":{"start":{"line":49,"column":40},"end":{"line":49,"column":62}},"18":{"start":{"line":51,"column":19},"end":{"line":51,"column":58}},"19":{"start":{"line":52,"column":16},"end":{"line":52,"column":46}},"20":{"start":{"line":54,"column":2},"end":{"line":58,"column":3}},"21":{"start":{"line":55,"column":16},"end":{"line":55,"column":43}},"22":{"start":{"line":56,"column":4},"end":{"line":56,"column":21}},"23":{"start":{"line":57,"column":4},"end":{"line":57,"column":14}},"24":{"start":{"line":60,"column":2},"end":{"line":60,"column":24}},"25":{"start":{"line":61,"column":2},"end":{"line":61,"column":15}},"26":{"start":{"line":64,"column":0},"end":{"line":64,"column":51}}},"fnMap":{"0":{"name":"getGenreSeries","decl":{"start":{"line":19,"column":15},"end":{"line":19,"column":29}},"loc":{"start":{"line":19,"column":47},"end":{"line":34,"column":1}},"line":19},"1":{"name":"getGenreMovie","decl":{"start":{"line":47,"column":15},"end":{"line":47,"column":28}},"loc":{"start":{"line":47,"column":46},"end":{"line":62,"column":1}},"line":47}},"branchMap":{"0":{"loc":{"start":{"line":19,"column":37},"end":{"line":19,"column":45}},"type":"default-arg","locations":[{"start":{"line":19,"column":44},"end":{"line":19,"column":45}}],"line":19},"1":{"loc":{"start":{"line":21,"column":2},"end":{"line":21,"column":62}},"type":"if","locations":[{"start":{"line":21,"column":2},"end":{"line":21,"column":62}},{"start":{},"end":{}}],"line":21},"2":{"loc":{"start":{"line":26,"column":2},"end":{"line":30,"column":3}},"type":"if","locations":[{"start":{"line":26,"column":2},"end":{"line":30,"column":3}},{"start":{},"end":{}}],"line":26},"3":{"loc":{"start":{"line":26,"column":6},"end":{"line":26,"column":36}},"type":"binary-expr","locations":[{"start":{"line":26,"column":6},"end":{"line":26,"column":24}},{"start":{"line":26,"column":28},"end":{"line":26,"column":36}}],"line":26},"4":{"loc":{"start":{"line":47,"column":36},"end":{"line":47,"column":44}},"type":"default-arg","locations":[{"start":{"line":47,"column":43},"end":{"line":47,"column":44}}],"line":47},"5":{"loc":{"start":{"line":49,"column":2},"end":{"line":49,"column":62}},"type":"if","locations":[{"start":{"line":49,"column":2},"end":{"line":49,"column":62}},{"start":{},"end":{}}],"line":49},"6":{"loc":{"start":{"line":54,"column":2},"end":{"line":58,"column":3}},"type":"if","locations":[{"start":{"line":54,"column":2},"end":{"line":58,"column":3}},{"start":{},"end":{}}],"line":54},"7":{"loc":{"start":{"line":54,"column":6},"end":{"line":54,"column":36}},"type":"binary-expr","locations":[{"start":{"line":54,"column":6},"end":{"line":54,"column":24}},{"start":{"line":54,"column":28},"end":{"line":54,"column":36}}],"line":54}},"s":{"0":3,"1":3,"2":3,"3":3,"4":5,"5":5,"6":0,"7":5,"8":4,"9":4,"10":1,"11":1,"12":1,"13":3,"14":3,"15":5,"16":5,"17":1,"18":4,"19":3,"20":3,"21":1,"22":1,"23":1,"24":2,"25":2,"26":3},"f":{"0":5,"1":5},"b":{"0":[0],"1":[0,5],"2":[1,3],"3":[4,4],"4":[0],"5":[1,4],"6":[1,2],"7":[3,3]},"_coverageSchema":"1a1c01bbd47fc00a2c39e90264f33305004495a9","hash":"5383ec5096393ab89f6c363de05d60fefffb0467"}
,"/Users/annurdien/dev/IDLIX-API/src/services/homepage.service.js": {"path":"/Users/annurdien/dev/IDLIX-API/src/services/homepage.service.js","statementMap":{"0":{"start":{"line":3,"column":19},"end":{"line":3,"column":47}},"1":{"start":{"line":4,"column":19},"end":{"line":4,"column":49}},"2":{"start":{"line":5,"column":22},"end":{"line":5,"column":46}},"3":{"start":{"line":6,"column":33},"end":{"line":6,"column":58}},"4":{"start":{"line":17,"column":14},"end":{"line":17,"column":24}},"5":{"start":{"line":18,"column":2},"end":{"line":18,"column":66}},"6":{"start":{"line":18,"column":44},"end":{"line":18,"column":66}},"7":{"start":{"line":20,"column":19},"end":{"line":20,"column":44}},"8":{"start":{"line":21,"column":16},"end":{"line":21,"column":58}},"9":{"start":{"line":22,"column":2},"end":{"line":22,"column":24}},"10":{"start":{"line":23,"column":2},"end":{"line":23,"column":15}},"11":{"start":{"line":35,"column":14},"end":{"line":35,"column":25}},"12":{"start":{"line":36,"column":2},"end":{"line":36,"column":67}},"13":{"start":{"line":36,"column":45},"end":{"line":36,"column":67}},"14":{"start":{"line":38,"column":19},"end":{"line":38,"column":44}},"15":{"start":{"line":39,"column":16},"end":{"line":39,"column":76}},"16":{"start":{"line":40,"column":2},"end":{"line":40,"column":24}},"17":{"start":{"line":41,"column":2},"end":{"line":41,"column":15}},"18":{"start":{"line":44,"column":0},"end":{"line":44,"column":47}}},"fnMap":{"0":{"name":"getFeatured","decl":{"start":{"line":16,"column":15},"end":{"line":16,"column":26}},"loc":{"start":{"line":16,"column":29},"end":{"line":24,"column":1}},"line":16},"1":{"name":"getCinemaxxi","decl":{"start":{"line":34,"column":15},"end":{"line":34,"column":27}},"loc":{"start":{"line":34,"column":30},"end":{"line":42,"column":1}},"line":34}},"branchMap":{"0":{"loc":{"start":{"line":18,"column":2},"end":{"line":18,"column":66}},"type":"if","locations":[{"start":{"line":18,"column":2},"end":{"line":18,"column":66}},{"start":{},"end":{}}],"line":18},"1":{"loc":{"start":{"line":36,"column":2},"end":{"line":36,"column":67}},"type":"if","locations":[{"start":{"line":36,"column":2},"end":{"line":36,"column":67}},{"start":{},"end":{}}],"line":36}},"s":{"0":3,"1":3,"2":3,"3":3,"4":0,"5":0,"6":0,"7":0,"8":0,"9":0,"10":0,"11":0,"12":0,"13":0,"14":0,"15":0,"16":0,"17":0,"18":3},"f":{"0":0,"1":0},"b":{"0":[0,0],"1":[0,0]},"_coverageSchema":"1a1c01bbd47fc00a2c39e90264f33305004495a9","hash":"af5b841c23563e0ecffa2e4d909f04295d2e84f1"}
,"/Users/annurdien/dev/IDLIX-API/src/services/movie.service.js": {"path":"/Users/annurdien/dev/IDLIX-API/src/services/movie.service.js","statementMap":{"0":{"start":{"line":3,"column":19},"end":{"line":3,"column":47}},"1":{"start":{"line":4,"column":19},"end":{"line":4,"column":49}},"2":{"start":{"line":5,"column":22},"end":{"line":5,"column":46}},"3":{"start":{"line":6,"column":50},"end":{"line":6,"column":75}},"4":{"start":{"line":16,"column":14},"end":{"line":16,"column":19}},"5":{"start":{"line":17,"column":2},"end":{"line":17,"column":61}},"6":{"start":{"line":17,"column":39},"end":{"line":17,"column":61}},"7":{"start":{"line":19,"column":19},"end":{"line":19,"column":44}},"8":{"start":{"line":20,"column":16},"end":{"line":20,"column":57}},"9":{"start":{"line":21,"column":2},"end":{"line":21,"column":24}},"10":{"start":{"line":22,"column":2},"end":{"line":22,"column":15}},"11":{"start":{"line":32,"column":14},"end":{"line":32,"column":24}},"12":{"start":{"line":33,"column":2},"end":{"line":33,"column":66}},"13":{"start":{"line":33,"column":44},"end":{"line":33,"column":66}},"14":{"start":{"line":35,"column":19},"end":{"line":35,"column":44}},"15":{"start":{"line":36,"column":16},"end":{"line":36,"column":67}},"16":{"start":{"line":37,"column":2},"end":{"line":37,"column":24}},"17":{"start":{"line":38,"column":2},"end":{"line":38,"column":15}},"18":{"start":{"line":51,"column":14},"end":{"line":51,"column":37}},"19":{"start":{"line":52,"column":2},"end":{"line":52,"column":66}},"20":{"start":{"line":52,"column":44},"end":{"line":52,"column":66}},"21":{"start":{"line":54,"column":19},"end":{"line":54,"column":49}},"22":{"start":{"line":55,"column":16},"end":{"line":55,"column":46}},"23":{"start":{"line":57,"column":2},"end":{"line":61,"column":3}},"24":{"start":{"line":58,"column":16},"end":{"line":58,"column":43}},"25":{"start":{"line":59,"column":4},"end":{"line":59,"column":21}},"26":{"start":{"line":60,"column":4},"end":{"line":60,"column":14}},"27":{"start":{"line":63,"column":2},"end":{"line":63,"column":24}},"28":{"start":{"line":64,"column":2},"end":{"line":64,"column":15}},"29":{"start":{"line":67,"column":0},"end":{"line":67,"column":58}}},"fnMap":{"0":{"name":"getMcu","decl":{"start":{"line":15,"column":15},"end":{"line":15,"column":21}},"loc":{"start":{"line":15,"column":24},"end":{"line":23,"column":1}},"line":15},"1":{"name":"getTrending","decl":{"start":{"line":31,"column":15},"end":{"line":31,"column":26}},"loc":{"start":{"line":31,"column":29},"end":{"line":39,"column":1}},"line":31},"2":{"name":"getTrendingPage","decl":{"start":{"line":50,"column":15},"end":{"line":50,"column":30}},"loc":{"start":{"line":50,"column":37},"end":{"line":65,"column":1}},"line":50}},"branchMap":{"0":{"loc":{"start":{"line":17,"column":2},"end":{"line":17,"column":61}},"type":"if","locations":[{"start":{"line":17,"column":2},"end":{"line":17,"column":61}},{"start":{},"end":{}}],"line":17},"1":{"loc":{"start":{"line":33,"column":2},"end":{"line":33,"column":66}},"type":"if","locations":[{"start":{"line":33,"column":2},"end":{"line":33,"column":66}},{"start":{},"end":{}}],"line":33},"2":{"loc":{"start":{"line":52,"column":2},"end":{"line":52,"column":66}},"type":"if","locations":[{"start":{"line":52,"column":2},"end":{"line":52,"column":66}},{"start":{},"end":{}}],"line":52},"3":{"loc":{"start":{"line":57,"column":2},"end":{"line":61,"column":3}},"type":"if","locations":[{"start":{"line":57,"column":2},"end":{"line":61,"column":3}},{"start":{},"end":{}}],"line":57},"4":{"loc":{"start":{"line":57,"column":6},"end":{"line":57,"column":36}},"type":"binary-expr","locations":[{"start":{"line":57,"column":6},"end":{"line":57,"column":24}},{"start":{"line":57,"column":28},"end":{"line":57,"column":36}}],"line":57}},"s":{"0":3,"1":3,"2":3,"3":3,"4":2,"5":2,"6":0,"7":2,"8":1,"9":1,"10":1,"11":4,"12":4,"13":1,"14":3,"15":2,"16":2,"17":2,"18":4,"19":4,"20":0,"21":4,"22":3,"23":3,"24":2,"25":2,"26":2,"27":1,"28":1,"29":3},"f":{"0":2,"1":4,"2":4},"b":{"0":[0,2],"1":[1,3],"2":[0,4],"3":[2,1],"4":[3,2]},"_coverageSchema":"1a1c01bbd47fc00a2c39e90264f33305004495a9","hash":"b57109f180b78cd74d3460de145f277908fdb4b6"}
,"/Users/annurdien/dev/IDLIX-API/src/services/series.service.js": {"path":"/Users/annurdien/dev/IDLIX-API/src/services/series.service.js","statementMap":{"0":{"start":{"line":3,"column":19},"end":{"line":3,"column":47}},"1":{"start":{"line":4,"column":19},"end":{"line":4,"column":49}},"2":{"start":{"line":5,"column":22},"end":{"line":5,"column":46}},"3":{"start":{"line":6,"column":50},"end":{"line":6,"column":75}},"4":{"start":{"line":15,"column":14},"end":{"line":15,"column":27}},"5":{"start":{"line":16,"column":2},"end":{"line":16,"column":66}},"6":{"start":{"line":16,"column":44},"end":{"line":16,"column":66}},"7":{"start":{"line":18,"column":19},"end":{"line":18,"column":44}},"8":{"start":{"line":19,"column":16},"end":{"line":19,"column":68}},"9":{"start":{"line":20,"column":2},"end":{"line":20,"column":24}},"10":{"start":{"line":21,"column":2},"end":{"line":21,"column":15}},"11":{"start":{"line":32,"column":14},"end":{"line":32,"column":28}},"12":{"start":{"line":33,"column":2},"end":{"line":33,"column":64}},"13":{"start":{"line":33,"column":42},"end":{"line":33,"column":64}},"14":{"start":{"line":35,"column":19},"end":{"line":35,"column":44}},"15":{"start":{"line":36,"column":16},"end":{"line":36,"column":73}},"16":{"start":{"line":37,"column":2},"end":{"line":37,"column":24}},"17":{"start":{"line":38,"column":2},"end":{"line":38,"column":15}},"18":{"start":{"line":46,"column":14},"end":{"line":46,"column":29}},"19":{"start":{"line":47,"column":2},"end":{"line":47,"column":64}},"20":{"start":{"line":47,"column":42},"end":{"line":47,"column":64}},"21":{"start":{"line":49,"column":19},"end":{"line":49,"column":65}},"22":{"start":{"line":50,"column":16},"end":{"line":50,"column":47}},"23":{"start":{"line":51,"column":2},"end":{"line":51,"column":24}},"24":{"start":{"line":52,"column":2},"end":{"line":52,"column":15}},"25":{"start":{"line":60,"column":14},"end":{"line":60,"column":32}},"26":{"start":{"line":61,"column":2},"end":{"line":61,"column":64}},"27":{"start":{"line":61,"column":42},"end":{"line":61,"column":64}},"28":{"start":{"line":63,"column":19},"end":{"line":63,"column":63}},"29":{"start":{"line":64,"column":16},"end":{"line":64,"column":47}},"30":{"start":{"line":65,"column":2},"end":{"line":65,"column":24}},"31":{"start":{"line":66,"column":2},"end":{"line":66,"column":15}},"32":{"start":{"line":74,"column":14},"end":{"line":74,"column":25}},"33":{"start":{"line":75,"column":2},"end":{"line":75,"column":64}},"34":{"start":{"line":75,"column":42},"end":{"line":75,"column":64}},"35":{"start":{"line":77,"column":19},"end":{"line":77,"column":55}},"36":{"start":{"line":78,"column":16},"end":{"line":78,"column":47}},"37":{"start":{"line":79,"column":2},"end":{"line":79,"column":24}},"38":{"start":{"line":80,"column":2},"end":{"line":80,"column":15}},"39":{"start":{"line":88,"column":14},"end":{"line":88,"column":29}},"40":{"start":{"line":89,"column":2},"end":{"line":89,"column":64}},"41":{"start":{"line":89,"column":42},"end":{"line":89,"column":64}},"42":{"start":{"line":91,"column":19},"end":{"line":91,"column":59}},"43":{"start":{"line":92,"column":16},"end":{"line":92,"column":47}},"44":{"start":{"line":93,"column":2},"end":{"line":93,"column":24}},"45":{"start":{"line":94,"column":2},"end":{"line":94,"column":15}},"46":{"start":{"line":107,"column":14},"end":{"line":107,"column":42}},"47":{"start":{"line":108,"column":2},"end":{"line":108,"column":64}},"48":{"start":{"line":108,"column":42},"end":{"line":108,"column":64}},"49":{"start":{"line":110,"column":19},"end":{"line":110,"column":59}},"50":{"start":{"line":111,"column":16},"end":{"line":111,"column":47}},"51":{"start":{"line":113,"column":2},"end":{"line":117,"column":3}},"52":{"start":{"line":114,"column":16},"end":{"line":114,"column":43}},"53":{"start":{"line":115,"column":4},"end":{"line":115,"column":21}},"54":{"start":{"line":116,"column":4},"end":{"line":116,"column":14}},"55":{"start":{"line":119,"column":2},"end":{"line":119,"column":24}},"56":{"start":{"line":120,"column":2},"end":{"line":120,"column":15}},"57":{"start":{"line":123,"column":0},"end":{"line":131,"column":2}}},"fnMap":{"0":{"name":"getTrending","decl":{"start":{"line":14,"column":15},"end":{"line":14,"column":26}},"loc":{"start":{"line":14,"column":29},"end":{"line":22,"column":1}},"line":14},"1":{"name":"getMarvelSeries","decl":{"start":{"line":31,"column":15},"end":{"line":31,"column":30}},"loc":{"start":{"line":31,"column":33},"end":{"line":39,"column":1}},"line":31},"2":{"name":"getAppleTv","decl":{"start":{"line":45,"column":15},"end":{"line":45,"column":25}},"loc":{"start":{"line":45,"column":28},"end":{"line":53,"column":1}},"line":45},"3":{"name":"getDisneyPlus","decl":{"start":{"line":59,"column":15},"end":{"line":59,"column":28}},"loc":{"start":{"line":59,"column":31},"end":{"line":67,"column":1}},"line":59},"4":{"name":"getHboSeries","decl":{"start":{"line":73,"column":15},"end":{"line":73,"column":27}},"loc":{"start":{"line":73,"column":30},"end":{"line":81,"column":1}},"line":73},"5":{"name":"getNetflixSeries","decl":{"start":{"line":87,"column":15},"end":{"line":87,"column":31}},"loc":{"start":{"line":87,"column":34},"end":{"line":95,"column":1}},"line":87},"6":{"name":"getNetflixSeriesPage","decl":{"start":{"line":106,"column":15},"end":{"line":106,"column":35}},"loc":{"start":{"line":106,"column":42},"end":{"line":121,"column":1}},"line":106}},"branchMap":{"0":{"loc":{"start":{"line":16,"column":2},"end":{"line":16,"column":66}},"type":"if","locations":[{"start":{"line":16,"column":2},"end":{"line":16,"column":66}},{"start":{},"end":{}}],"line":16},"1":{"loc":{"start":{"line":33,"column":2},"end":{"line":33,"column":64}},"type":"if","locations":[{"start":{"line":33,"column":2},"end":{"line":33,"column":64}},{"start":{},"end":{}}],"line":33},"2":{"loc":{"start":{"line":47,"column":2},"end":{"line":47,"column":64}},"type":"if","locations":[{"start":{"line":47,"column":2},"end":{"line":47,"column":64}},{"start":{},"end":{}}],"line":47},"3":{"loc":{"start":{"line":61,"column":2},"end":{"line":61,"column":64}},"type":"if","locations":[{"start":{"line":61,"column":2},"end":{"line":61,"column":64}},{"start":{},"end":{}}],"line":61},"4":{"loc":{"start":{"line":75,"column":2},"end":{"line":75,"column":64}},"type":"if","locations":[{"start":{"line":75,"column":2},"end":{"line":75,"column":64}},{"start":{},"end":{}}],"line":75},"5":{"loc":{"start":{"line":89,"column":2},"end":{"line":89,"column":64}},"type":"if","locations":[{"start":{"line":89,"column":2},"end":{"line":89,"column":64}},{"start":{},"end":{}}],"line":89},"6":{"loc":{"start":{"line":108,"column":2},"end":{"line":108,"column":64}},"type":"if","locations":[{"start":{"line":108,"column":2},"end":{"line":108,"column":64}},{"start":{},"end":{}}],"line":108},"7":{"loc":{"start":{"line":113,"column":2},"end":{"line":117,"column":3}},"type":"if","locations":[{"start":{"line":113,"column":2},"end":{"line":117,"column":3}},{"start":{},"end":{}}],"line":113},"8":{"loc":{"start":{"line":113,"column":6},"end":{"line":113,"column":36}},"type":"binary-expr","locations":[{"start":{"line":113,"column":6},"end":{"line":113,"column":24}},{"start":{"line":113,"column":28},"end":{"line":113,"column":36}}],"line":113}},"s":{"0":3,"1":3,"2":3,"3":3,"4":1,"5":1,"6":0,"7":1,"8":1,"9":1,"10":1,"11":1,"12":1,"13":0,"14":1,"15":1,"16":1,"17":1,"18":3,"19":3,"20":1,"21":2,"22":1,"23":1,"24":1,"25":3,"26":3,"27":1,"28":2,"29":1,"30":1,"31":1,"32":3,"33":3,"34":1,"35":2,"36":1,"37":1,"38":1,"39":3,"40":3,"41":1,"42":2,"43":1,"44":1,"45":1,"46":3,"47":3,"48":0,"49":3,"50":2,"51":2,"52":1,"53":1,"54":1,"55":1,"56":1,"57":3},"f":{"0":1,"1":1,"2":3,"3":3,"4":3,"5":3,"6":3},"b":{"0":[0,1],"1":[0,1],"2":[1,2],"3":[1,2],"4":[1,2],"5":[1,2],"6":[0,3],"7":[1,1],"8":[2,2]},"_coverageSchema":"1a1c01bbd47fc00a2c39e90264f33305004495a9","hash":"34372869e9df0aeaa14b80e57a9abef2dc749297"}
}
