TN:
SF:src/app.js
FN:17,createApp
FN:32,(anonymous_1)
FNF:2
FNH:2
FNDA:3,createApp
FNDA:1,(anonymous_1)
DA:3,3
DA:4,3
DA:5,3
DA:6,3
DA:7,3
DA:8,3
DA:18,3
DA:21,3
DA:22,3
DA:23,3
DA:26,3
DA:29,3
DA:32,3
DA:33,1
DA:37,3
DA:39,3
DA:42,3
LF:17
LH:17
BRF:0
BRH:0
end_of_record
TN:
SF:src/config/env.js
FNF:0
FNH:0
DA:7,4
LF:1
LH:1
BRDA:9,0,0,4
BRDA:9,0,1,4
BRDA:12,1,0,4
BRDA:12,1,1,4
BRDA:19,2,0,4
BRDA:19,2,1,4
BRDA:20,3,0,4
BRDA:20,3,1,4
BRDA:21,4,0,4
BRDA:21,4,1,4
BRDA:22,5,0,4
BRDA:22,5,1,4
BRDA:23,6,0,4
BRDA:23,6,1,4
BRDA:24,7,0,4
BRDA:24,7,1,4
BRF:16
BRH:16
end_of_record
TN:
SF:src/controllers/genre.controller.js
FN:5,(anonymous_0)
FN:15,(anonymous_1)
FNF:2
FNH:2
FNDA:4,(anonymous_0)
FNDA:4,(anonymous_1)
DA:3,3
DA:5,3
DA:6,4
DA:7,4
DA:8,4
DA:9,3
DA:11,1
DA:15,3
DA:16,4
DA:17,4
DA:18,4
DA:19,3
DA:21,1
LF:13
LH:13
BRDA:7,0,0,3
BRDA:17,1,0,3
BRF:2
BRH:2
end_of_record
TN:
SF:src/controllers/homepage.controller.js
FN:5,(anonymous_0)
FN:9,(anonymous_1)
FN:18,(anonymous_2)
FNF:3
FNH:0
FNDA:0,(anonymous_0)
FNDA:0,(anonymous_1)
FNDA:0,(anonymous_2)
DA:3,3
DA:5,3
DA:6,0
DA:9,3
DA:10,0
DA:11,0
DA:12,0
DA:14,0
DA:18,3
DA:19,0
DA:20,0
DA:21,0
DA:23,0
LF:13
LH:4
BRF:0
BRH:0
end_of_record
TN:
SF:src/controllers/movie.controller.js
FN:5,(anonymous_0)
FN:14,(anonymous_1)
FN:23,(anonymous_2)
FNF:3
FNH:3
FNDA:2,(anonymous_0)
FNDA:4,(anonymous_1)
FNDA:3,(anonymous_2)
DA:3,3
DA:5,3
DA:6,2
DA:7,2
DA:8,1
DA:10,1
DA:14,3
DA:15,4
DA:16,4
DA:17,3
DA:19,1
DA:23,3
DA:24,3
DA:25,3
DA:26,1
DA:28,2
LF:16
LH:16
BRF:0
BRH:0
end_of_record
TN:
SF:src/controllers/series.controller.js
FN:5,(anonymous_0)
FN:14,(anonymous_1)
FN:23,(anonymous_2)
FN:32,(anonymous_3)
FN:41,(anonymous_4)
FN:50,(anonymous_5)
FN:59,(anonymous_6)
FNF:7
FNH:7
FNDA:1,(anonymous_0)
FNDA:1,(anonymous_1)
FNDA:3,(anonymous_2)
FNDA:3,(anonymous_3)
FNDA:3,(anonymous_4)
FNDA:3,(anonymous_5)
FNDA:2,(anonymous_6)
DA:3,3
DA:5,3
DA:6,1
DA:7,1
DA:8,1
DA:10,0
DA:14,3
DA:15,1
DA:16,1
DA:17,1
DA:19,0
DA:23,3
DA:24,3
DA:25,3
DA:26,2
DA:28,1
DA:32,3
DA:33,3
DA:34,3
DA:35,2
DA:37,1
DA:41,3
DA:42,3
DA:43,3
DA:44,2
DA:46,1
DA:50,3
DA:51,3
DA:52,3
DA:53,2
DA:55,1
DA:59,3
DA:60,2
DA:61,2
DA:62,1
DA:64,1
LF:36
LH:34
BRF:0
BRH:0
end_of_record
TN:
SF:src/lib/cacheService.js
FN:10,(anonymous_0)
FN:21,(anonymous_1)
FN:32,(anonymous_2)
FN:42,(anonymous_3)
FN:49,(anonymous_4)
FNF:5
FNH:5
FNDA:14,(anonymous_0)
FNDA:5,(anonymous_1)
FNDA:11,(anonymous_2)
FNDA:17,(anonymous_3)
FNDA:3,(anonymous_4)
DA:12,14
DA:22,5
DA:23,5
DA:24,4
DA:33,11
DA:34,11
DA:43,17
DA:50,3
DA:54,1
DA:55,1
DA:56,1
LF:11
LH:11
BRDA:23,0,0,1
BRDA:23,0,1,4
BRDA:34,1,0,6
BRDA:34,1,1,5
BRF:4
BRH:4
end_of_record
TN:
SF:src/lib/httpClient.js
FNF:0
FNH:0
DA:3,0
DA:4,0
DA:5,0
DA:7,0
DA:13,0
DA:18,0
LF:6
LH:0
BRF:0
BRH:0
end_of_record
TN:
SF:src/lib/scraper.js
FN:14,parseMediaItems
FN:18,(anonymous_1)
FN:43,parseCardItems
FN:47,(anonymous_3)
FN:71,parseFeaturedItems
FN:75,(anonymous_5)
FN:99,parseCinemaxxiItems
FN:103,(anonymous_7)
FNF:8
FNH:8
FNDA:21,parseMediaItems
FNDA:32,(anonymous_1)
FNDA:6,parseCardItems
FNDA:15,(anonymous_3)
FNDA:2,parseFeaturedItems
FNDA:1,(anonymous_5)
FNDA:2,parseCinemaxxiItems
FNDA:1,(anonymous_7)
DA:3,4
DA:4,4
DA:15,21
DA:16,21
DA:18,21
DA:19,32
DA:20,32
DA:22,27
DA:23,27
DA:29,27
DA:32,21
DA:44,6
DA:45,6
DA:47,6
DA:48,15
DA:49,15
DA:50,15
DA:52,10
DA:58,10
DA:61,6
DA:72,2
DA:73,2
DA:75,2
DA:76,1
DA:77,1
DA:79,1
DA:80,1
DA:86,1
DA:89,2
DA:100,2
DA:101,2
DA:103,2
DA:104,1
DA:105,1
DA:107,1
DA:108,1
DA:114,1
DA:117,2
DA:120,4
LF:39
LH:39
BRDA:20,0,0,5
BRDA:20,0,1,27
BRDA:22,1,0,27
BRDA:22,1,1,1
BRDA:26,2,0,27
BRDA:26,2,1,0
BRDA:50,3,0,5
BRDA:50,3,1,10
BRDA:50,4,0,15
BRDA:50,4,1,10
BRDA:55,5,0,10
BRDA:55,5,1,0
BRDA:77,6,0,0
BRDA:77,6,1,1
BRDA:79,7,0,1
BRDA:79,7,1,0
BRDA:83,8,0,1
BRDA:83,8,1,0
BRDA:105,9,0,0
BRDA:105,9,1,1
BRDA:107,10,0,1
BRDA:107,10,1,0
BRDA:111,11,0,1
BRDA:111,11,1,0
BRF:24
BRH:16
end_of_record
TN:
SF:src/middleware/errorHandler.js
FN:11,(anonymous_0)
FNF:1
FNH:1
FNDA:11,(anonymous_0)
DA:11,3
DA:12,11
DA:13,11
DA:14,11
LF:4
LH:4
BRDA:12,0,0,11
BRDA:12,0,1,10
BRDA:13,1,0,11
BRDA:13,1,1,0
BRF:4
BRH:3
end_of_record
TN:
SF:src/middleware/validate.js
FN:10,validatePage
FN:32,validateGenre
FNF:2
FNH:2
FNDA:21,validatePage
FNDA:19,validateGenre
DA:11,21
DA:12,21
DA:13,20
DA:15,20
DA:16,11
DA:20,9
DA:22,10
DA:33,19
DA:34,19
DA:35,5
DA:39,14
DA:42,4
LF:12
LH:12
BRDA:12,0,0,20
BRDA:12,0,1,1
BRDA:15,1,0,11
BRDA:15,1,1,9
BRDA:15,2,0,20
BRDA:15,2,1,15
BRDA:15,2,2,11
BRDA:34,3,0,5
BRDA:34,3,1,14
BRDA:34,4,0,19
BRDA:34,4,1,18
BRF:11
BRH:11
end_of_record
TN:
SF:src/routes/general.routes.js
FNF:0
FNH:0
DA:3,3
DA:4,3
DA:6,3
DA:9,3
DA:12,3
DA:15,3
DA:17,3
LF:7
LH:7
BRF:0
BRH:0
end_of_record
TN:
SF:src/routes/genre.routes.js
FNF:0
FNH:0
DA:3,3
DA:4,3
DA:5,3
DA:7,3
DA:10,3
DA:13,3
DA:16,3
DA:19,3
DA:21,3
LF:9
LH:9
BRF:0
BRH:0
end_of_record
TN:
SF:src/routes/index.js
FNF:0
FNH:0
DA:3,3
DA:4,3
DA:5,3
DA:6,3
DA:7,3
DA:9,3
DA:11,3
DA:12,3
DA:13,3
DA:14,3
DA:16,3
LF:11
LH:11
BRF:0
BRH:0
end_of_record
TN:
SF:src/routes/movie.routes.js
FNF:0
FNH:0
DA:3,3
DA:4,3
DA:5,3
DA:7,3
DA:10,3
DA:13,3
DA:16,3
DA:18,3
LF:8
LH:8
BRF:0
BRH:0
end_of_record
TN:
SF:src/routes/series.routes.js
FNF:0
FNH:0
DA:3,3
DA:4,3
DA:5,3
DA:7,3
DA:10,3
DA:13,3
DA:16,3
DA:19,3
DA:22,3
DA:25,3
DA:28,3
DA:30,3
LF:12
LH:12
BRF:0
BRH:0
end_of_record
TN:
SF:src/services/genre.service.js
FN:14,getGenreSeries
FN:30,getGenreMovie
FNF:2
FNH:2
FNDA:4,getGenreSeries
FNDA:4,getGenreMovie
DA:3,3
DA:4,3
DA:5,3
DA:6,3
DA:15,4
DA:16,4
DA:18,4
DA:19,3
DA:20,3
DA:21,3
DA:31,4
DA:32,4
DA:34,3
DA:35,2
DA:36,2
DA:37,2
DA:40,3
LF:17
LH:17
BRDA:14,0,0,0
BRDA:16,1,0,0
BRDA:16,1,1,4
BRDA:30,2,0,0
BRDA:32,3,0,1
BRDA:32,3,1,3
BRF:6
BRH:3
end_of_record
TN:
SF:src/services/homepage.service.js
FN:13,getFeatured
FN:28,getCinemaxxi
FNF:2
FNH:0
FNDA:0,getFeatured
FNDA:0,getCinemaxxi
DA:3,3
DA:4,3
DA:5,3
DA:6,3
DA:14,0
DA:15,0
DA:17,0
DA:18,0
DA:19,0
DA:20,0
DA:29,0
DA:30,0
DA:32,0
DA:33,0
DA:34,0
DA:35,0
DA:38,3
LF:17
LH:5
BRDA:15,0,0,0
BRDA:15,0,1,0
BRDA:30,1,0,0
BRDA:30,1,1,0
BRF:4
BRH:0
end_of_record
TN:
SF:src/services/movie.service.js
FN:12,getMcu
FN:26,getTrending
FN:42,getTrendingPage
FNF:3
FNH:3
FNDA:2,getMcu
FNDA:4,getTrending
FNDA:3,getTrendingPage
DA:3,3
DA:4,3
DA:5,3
DA:6,3
DA:13,2
DA:14,2
DA:16,2
DA:17,1
DA:18,1
DA:19,1
DA:27,4
DA:28,4
DA:30,3
DA:31,2
DA:32,2
DA:33,2
DA:43,3
DA:44,3
DA:46,3
DA:47,2
DA:49,2
DA:50,1
DA:51,1
DA:52,1
DA:55,1
DA:56,1
DA:59,3
LF:27
LH:27
BRDA:14,0,0,0
BRDA:14,0,1,2
BRDA:28,1,0,1
BRDA:28,1,1,3
BRDA:44,2,0,0
BRDA:44,2,1,3
BRDA:49,3,0,1
BRDA:49,3,1,1
BRF:8
BRH:6
end_of_record
TN:
SF:src/services/series.service.js
FN:12,getTrending
FN:26,getMarvelSeries
FN:40,getAppleTv
FN:54,getDisneyPlus
FN:68,getHboSeries
FN:82,getNetflixSeries
FN:97,getNetflixSeriesPage
FNF:7
FNH:7
FNDA:1,getTrending
FNDA:1,getMarvelSeries
FNDA:3,getAppleTv
FNDA:3,getDisneyPlus
FNDA:3,getHboSeries
FNDA:3,getNetflixSeries
FNDA:2,getNetflixSeriesPage
DA:3,3
DA:4,3
DA:5,3
DA:6,3
DA:13,1
DA:14,1
DA:16,1
DA:17,1
DA:18,1
DA:19,1
DA:27,1
DA:28,1
DA:30,1
DA:31,1
DA:32,1
DA:33,1
DA:41,3
DA:42,3
DA:44,2
DA:45,1
DA:46,1
DA:47,1
DA:55,3
DA:56,3
DA:58,2
DA:59,1
DA:60,1
DA:61,1
DA:69,3
DA:70,3
DA:72,2
DA:73,1
DA:74,1
DA:75,1
DA:83,3
DA:84,3
DA:86,2
DA:87,1
DA:88,1
DA:89,1
DA:98,2
DA:99,2
DA:101,2
DA:102,1
DA:103,1
DA:104,1
DA:107,3
LF:47
LH:47
BRDA:14,0,0,0
BRDA:14,0,1,1
BRDA:28,1,0,0
BRDA:28,1,1,1
BRDA:42,2,0,1
BRDA:42,2,1,2
BRDA:56,3,0,1
BRDA:56,3,1,2
BRDA:70,4,0,1
BRDA:70,4,1,2
BRDA:84,5,0,1
BRDA:84,5,1,2
BRDA:99,6,0,0
BRDA:99,6,1,2
BRF:14
BRH:11
end_of_record
