TN:
SF:src/app.js
FN:17,createApp
FN:32,(anonymous_1)
FNF:2
FNH:2
FNDA:3,createApp
FNDA:1,(anonymous_1)
DA:3,3
DA:4,3
DA:5,3
DA:6,3
DA:7,3
DA:8,3
DA:18,3
DA:21,3
DA:22,3
DA:23,3
DA:26,3
DA:29,3
DA:32,3
DA:33,1
DA:37,3
DA:39,3
DA:42,3
LF:17
LH:17
BRF:0
BRH:0
end_of_record
TN:
SF:src/config/env.js
FNF:0
FNH:0
DA:7,4
LF:1
LH:1
BRDA:9,0,0,4
BRDA:9,0,1,4
BRDA:12,1,0,4
BRDA:12,1,1,4
BRDA:19,2,0,4
BRDA:19,2,1,4
BRDA:20,3,0,4
BRDA:20,3,1,4
BRDA:21,4,0,4
BRDA:21,4,1,4
BRDA:22,5,0,4
BRDA:22,5,1,4
BRDA:23,6,0,4
BRDA:23,6,1,4
BRDA:24,7,0,4
BRDA:24,7,1,4
BRF:16
BRH:16
end_of_record
TN:
SF:src/controllers/genre.controller.js
FN:5,(anonymous_0)
FN:15,(anonymous_1)
FNF:2
FNH:2
FNDA:5,(anonymous_0)
FNDA:5,(anonymous_1)
DA:3,3
DA:5,3
DA:6,5
DA:7,5
DA:8,5
DA:9,3
DA:11,2
DA:15,3
DA:16,5
DA:17,5
DA:18,5
DA:19,3
DA:21,2
LF:13
LH:13
BRDA:7,0,0,3
BRDA:17,1,0,3
BRF:2
BRH:2
end_of_record
TN:
SF:src/controllers/homepage.controller.js
FN:5,(anonymous_0)
FN:9,(anonymous_1)
FN:18,(anonymous_2)
FNF:3
FNH:0
FNDA:0,(anonymous_0)
FNDA:0,(anonymous_1)
FNDA:0,(anonymous_2)
DA:3,3
DA:5,3
DA:6,0
DA:9,3
DA:10,0
DA:11,0
DA:12,0
DA:14,0
DA:18,3
DA:19,0
DA:20,0
DA:21,0
DA:23,0
LF:13
LH:4
BRF:0
BRH:0
end_of_record
TN:
SF:src/controllers/movie.controller.js
FN:5,(anonymous_0)
FN:14,(anonymous_1)
FN:23,(anonymous_2)
FNF:3
FNH:3
FNDA:2,(anonymous_0)
FNDA:4,(anonymous_1)
FNDA:4,(anonymous_2)
DA:3,3
DA:5,3
DA:6,2
DA:7,2
DA:8,1
DA:10,1
DA:14,3
DA:15,4
DA:16,4
DA:17,3
DA:19,1
DA:23,3
DA:24,4
DA:25,4
DA:26,1
DA:28,3
LF:16
LH:16
BRF:0
BRH:0
end_of_record
TN:
SF:src/controllers/series.controller.js
FN:5,(anonymous_0)
FN:14,(anonymous_1)
FN:23,(anonymous_2)
FN:32,(anonymous_3)
FN:41,(anonymous_4)
FN:50,(anonymous_5)
FN:59,(anonymous_6)
FNF:7
FNH:7
FNDA:1,(anonymous_0)
FNDA:1,(anonymous_1)
FNDA:3,(anonymous_2)
FNDA:3,(anonymous_3)
FNDA:3,(anonymous_4)
FNDA:3,(anonymous_5)
FNDA:3,(anonymous_6)
DA:3,3
DA:5,3
DA:6,1
DA:7,1
DA:8,1
DA:10,0
DA:14,3
DA:15,1
DA:16,1
DA:17,1
DA:19,0
DA:23,3
DA:24,3
DA:25,3
DA:26,2
DA:28,1
DA:32,3
DA:33,3
DA:34,3
DA:35,2
DA:37,1
DA:41,3
DA:42,3
DA:43,3
DA:44,2
DA:46,1
DA:50,3
DA:51,3
DA:52,3
DA:53,2
DA:55,1
DA:59,3
DA:60,3
DA:61,3
DA:62,1
DA:64,2
LF:36
LH:34
BRF:0
BRH:0
end_of_record
TN:
SF:src/lib/cacheService.js
FN:10,(anonymous_0)
FN:21,(anonymous_1)
FN:32,(anonymous_2)
FN:42,(anonymous_3)
FN:49,(anonymous_4)
FNF:5
FNH:5
FNDA:14,(anonymous_0)
FNDA:5,(anonymous_1)
FNDA:11,(anonymous_2)
FNDA:17,(anonymous_3)
FNDA:3,(anonymous_4)
DA:12,14
DA:22,5
DA:23,5
DA:24,4
DA:33,11
DA:34,11
DA:43,17
DA:50,3
DA:54,1
DA:55,1
DA:56,1
LF:11
LH:11
BRDA:23,0,0,1
BRDA:23,0,1,4
BRDA:34,1,0,6
BRDA:34,1,1,5
BRF:4
BRH:4
end_of_record
TN:
SF:src/lib/httpClient.js
FN:23,(anonymous_0)
FN:25,(anonymous_1)
FNF:2
FNH:0
FNDA:0,(anonymous_0)
FNDA:0,(anonymous_1)
DA:3,0
DA:4,0
DA:17,0
DA:24,0
DA:25,0
DA:29,0
LF:6
LH:0
BRF:0
BRH:0
end_of_record
TN:
SF:src/lib/scraper.js
FN:18,parseMediaItems
FN:22,(anonymous_1)
FN:57,parseHomepageSection
FN:61,(anonymous_3)
FN:65,(anonymous_4)
FNF:5
FNH:5
FNDA:24,parseMediaItems
FNDA:63,(anonymous_1)
FNDA:13,parseHomepageSection
FNDA:45,(anonymous_3)
FNDA:29,(anonymous_4)
DA:3,4
DA:4,4
DA:19,24
DA:20,24
DA:22,24
DA:23,63
DA:24,63
DA:25,63
DA:28,59
DA:29,54
DA:31,35
DA:33,35
DA:39,35
DA:42,24
DA:58,13
DA:59,13
DA:61,13
DA:62,45
DA:64,11
DA:65,11
DA:66,29
DA:67,29
DA:68,29
DA:71,28
DA:72,22
DA:74,20
DA:76,20
DA:82,20
DA:86,13
DA:89,4
LF:30
LH:30
BRDA:23,0,0,63
BRDA:23,0,1,0
BRDA:25,1,0,4
BRDA:25,1,1,59
BRDA:25,2,0,63
BRDA:25,2,1,59
BRDA:28,3,0,5
BRDA:28,3,1,54
BRDA:28,4,0,59
BRDA:28,4,1,17
BRDA:29,5,0,19
BRDA:29,5,1,35
BRDA:29,6,0,54
BRDA:29,6,1,38
BRDA:31,7,0,0
BRDA:31,7,1,35
BRDA:31,8,0,35
BRDA:31,8,1,21
BRDA:62,9,0,34
BRDA:62,9,1,11
BRDA:66,10,0,29
BRDA:66,10,1,0
BRDA:68,11,0,1
BRDA:68,11,1,28
BRDA:68,12,0,29
BRDA:68,12,1,28
BRDA:71,13,0,6
BRDA:71,13,1,22
BRDA:71,14,0,28
BRDA:71,14,1,11
BRDA:72,15,0,2
BRDA:72,15,1,20
BRDA:72,16,0,22
BRDA:72,16,1,10
BRDA:74,17,0,0
BRDA:74,17,1,20
BRDA:74,18,0,20
BRDA:74,18,1,12
BRF:38
BRH:34
end_of_record
TN:
SF:src/middleware/errorHandler.js
FN:11,(anonymous_0)
FNF:1
FNH:1
FNDA:15,(anonymous_0)
DA:11,3
DA:12,15
DA:13,15
DA:14,15
LF:4
LH:4
BRDA:12,0,0,15
BRDA:12,0,1,10
BRDA:13,1,0,15
BRDA:13,1,1,0
BRF:4
BRH:3
end_of_record
TN:
SF:src/middleware/validate.js
FN:10,validatePage
FN:32,validateGenre
FNF:2
FNH:2
FNDA:25,validatePage
FNDA:21,validateGenre
DA:11,25
DA:12,25
DA:13,24
DA:15,24
DA:16,11
DA:20,13
DA:22,14
DA:33,21
DA:34,21
DA:35,5
DA:39,16
DA:42,4
LF:12
LH:12
BRDA:12,0,0,24
BRDA:12,0,1,1
BRDA:15,1,0,11
BRDA:15,1,1,13
BRDA:15,2,0,24
BRDA:15,2,1,19
BRDA:15,2,2,15
BRDA:34,3,0,5
BRDA:34,3,1,16
BRDA:34,4,0,21
BRDA:34,4,1,20
BRF:11
BRH:11
end_of_record
TN:
SF:src/routes/general.routes.js
FNF:0
FNH:0
DA:3,3
DA:4,3
DA:6,3
DA:9,3
DA:12,3
DA:15,3
DA:17,3
LF:7
LH:7
BRF:0
BRH:0
end_of_record
TN:
SF:src/routes/genre.routes.js
FNF:0
FNH:0
DA:3,3
DA:4,3
DA:5,3
DA:7,3
DA:10,3
DA:13,3
DA:16,3
DA:19,3
DA:21,3
LF:9
LH:9
BRF:0
BRH:0
end_of_record
TN:
SF:src/routes/index.js
FNF:0
FNH:0
DA:3,3
DA:4,3
DA:5,3
DA:6,3
DA:7,3
DA:9,3
DA:11,3
DA:12,3
DA:13,3
DA:14,3
DA:16,3
LF:11
LH:11
BRF:0
BRH:0
end_of_record
TN:
SF:src/routes/movie.routes.js
FNF:0
FNH:0
DA:3,3
DA:4,3
DA:5,3
DA:7,3
DA:10,3
DA:13,3
DA:16,3
DA:18,3
LF:8
LH:8
BRF:0
BRH:0
end_of_record
TN:
SF:src/routes/series.routes.js
FNF:0
FNH:0
DA:3,3
DA:4,3
DA:5,3
DA:7,3
DA:10,3
DA:13,3
DA:16,3
DA:19,3
DA:22,3
DA:25,3
DA:28,3
DA:30,3
LF:12
LH:12
BRF:0
BRH:0
end_of_record
TN:
SF:src/services/genre.service.js
FN:19,getGenreSeries
FN:47,getGenreMovie
FNF:2
FNH:2
FNDA:5,getGenreSeries
FNDA:5,getGenreMovie
DA:3,3
DA:4,3
DA:5,3
DA:6,3
DA:20,5
DA:21,5
DA:23,5
DA:24,4
DA:26,4
DA:27,1
DA:28,1
DA:29,1
DA:32,3
DA:33,3
DA:48,5
DA:49,5
DA:51,4
DA:52,3
DA:54,3
DA:55,1
DA:56,1
DA:57,1
DA:60,2
DA:61,2
DA:64,3
LF:25
LH:25
BRDA:19,0,0,0
BRDA:21,1,0,0
BRDA:21,1,1,5
BRDA:26,2,0,1
BRDA:26,2,1,3
BRDA:26,3,0,4
BRDA:26,3,1,4
BRDA:47,4,0,0
BRDA:49,5,0,1
BRDA:49,5,1,4
BRDA:54,6,0,1
BRDA:54,6,1,2
BRDA:54,7,0,3
BRDA:54,7,1,3
BRF:14
BRH:11
end_of_record
TN:
SF:src/services/homepage.service.js
FN:16,getFeatured
FN:34,getCinemaxxi
FNF:2
FNH:0
FNDA:0,getFeatured
FNDA:0,getCinemaxxi
DA:3,3
DA:4,3
DA:5,3
DA:6,3
DA:17,0
DA:18,0
DA:20,0
DA:21,0
DA:22,0
DA:23,0
DA:35,0
DA:36,0
DA:38,0
DA:39,0
DA:40,0
DA:41,0
DA:44,3
LF:17
LH:5
BRDA:18,0,0,0
BRDA:18,0,1,0
BRDA:36,1,0,0
BRDA:36,1,1,0
BRF:4
BRH:0
end_of_record
TN:
SF:src/services/movie.service.js
FN:15,getMcu
FN:31,getTrending
FN:50,getTrendingPage
FNF:3
FNH:3
FNDA:2,getMcu
FNDA:4,getTrending
FNDA:4,getTrendingPage
DA:3,3
DA:4,3
DA:5,3
DA:6,3
DA:16,2
DA:17,2
DA:19,2
DA:20,1
DA:21,1
DA:22,1
DA:32,4
DA:33,4
DA:35,3
DA:36,2
DA:37,2
DA:38,2
DA:51,4
DA:52,4
DA:54,4
DA:55,3
DA:57,3
DA:58,2
DA:59,2
DA:60,2
DA:63,1
DA:64,1
DA:67,3
LF:27
LH:27
BRDA:17,0,0,0
BRDA:17,0,1,2
BRDA:33,1,0,1
BRDA:33,1,1,3
BRDA:52,2,0,0
BRDA:52,2,1,4
BRDA:57,3,0,2
BRDA:57,3,1,1
BRDA:57,4,0,3
BRDA:57,4,1,2
BRF:10
BRH:8
end_of_record
TN:
SF:src/services/series.service.js
FN:14,getTrending
FN:31,getMarvelSeries
FN:45,getAppleTv
FN:59,getDisneyPlus
FN:73,getHboSeries
FN:87,getNetflixSeries
FN:106,getNetflixSeriesPage
FNF:7
FNH:7
FNDA:1,getTrending
FNDA:1,getMarvelSeries
FNDA:3,getAppleTv
FNDA:3,getDisneyPlus
FNDA:3,getHboSeries
FNDA:3,getNetflixSeries
FNDA:3,getNetflixSeriesPage
DA:3,3
DA:4,3
DA:5,3
DA:6,3
DA:15,1
DA:16,1
DA:18,1
DA:19,1
DA:20,1
DA:21,1
DA:32,1
DA:33,1
DA:35,1
DA:36,1
DA:37,1
DA:38,1
DA:46,3
DA:47,3
DA:49,2
DA:50,1
DA:51,1
DA:52,1
DA:60,3
DA:61,3
DA:63,2
DA:64,1
DA:65,1
DA:66,1
DA:74,3
DA:75,3
DA:77,2
DA:78,1
DA:79,1
DA:80,1
DA:88,3
DA:89,3
DA:91,2
DA:92,1
DA:93,1
DA:94,1
DA:107,3
DA:108,3
DA:110,3
DA:111,2
DA:113,2
DA:114,1
DA:115,1
DA:116,1
DA:119,1
DA:120,1
DA:123,3
LF:51
LH:51
BRDA:16,0,0,0
BRDA:16,0,1,1
BRDA:33,1,0,0
BRDA:33,1,1,1
BRDA:47,2,0,1
BRDA:47,2,1,2
BRDA:61,3,0,1
BRDA:61,3,1,2
BRDA:75,4,0,1
BRDA:75,4,1,2
BRDA:89,5,0,1
BRDA:89,5,1,2
BRDA:108,6,0,0
BRDA:108,6,1,3
BRDA:113,7,0,1
BRDA:113,7,1,1
BRDA:113,8,0,2
BRDA:113,8,1,2
BRF:18
BRH:15
end_of_record
